[0.012s] Invoking command in '/home/zyy/robot_yang/build/carlike_robot_description': CMAKE_PREFIX_PATH=/opt/ros/humble /usr/bin/cmake --build /home/zyy/robot_yang/build/carlike_robot_description -- -j16 -l16
[0.037s] Invoked command in '/home/zyy/robot_yang/build/carlike_robot_description' returned '0': CMAKE_PREFIX_PATH=/opt/ros/humble /usr/bin/cmake --build /home/zyy/robot_yang/build/carlike_robot_description -- -j16 -l16
[0.038s] Invoking command in '/home/zyy/robot_yang/build/carlike_robot_description': CMAKE_PREFIX_PATH=/opt/ros/humble /usr/bin/cmake --install /home/zyy/robot_yang/build/carlike_robot_description
[0.043s] -- Install configuration: ""
[0.044s] -- Up-to-date: /home/zyy/robot_yang/install/carlike_robot_description/share/carlike_robot_description/launch
[0.044s] -- Up-to-date: /home/zyy/robot_yang/install/carlike_robot_description/share/carlike_robot_description/launch/gazebo_sim.launch.py
[0.044s] -- Up-to-date: /home/zyy/robot_yang/install/carlike_robot_description/share/carlike_robot_description/launch/display_robot.launch.py
[0.044s] -- Up-to-date: /home/zyy/robot_yang/install/carlike_robot_description/share/carlike_robot_description/xacro
[0.044s] -- Up-to-date: /home/zyy/robot_yang/install/carlike_robot_description/share/carlike_robot_description/xacro/car_description.xacro
[0.044s] -- Installing: /home/zyy/robot_yang/install/carlike_robot_description/share/carlike_robot_description/xacro/car_base.xacro
[0.044s] -- Up-to-date: /home/zyy/robot_yang/install/carlike_robot_description/share/carlike_robot_description/xacro/sensors
[0.044s] -- Up-to-date: /home/zyy/robot_yang/install/carlike_robot_description/share/carlike_robot_description/xacro/sensors/VLP-16.xacro
[0.044s] -- Up-to-date: /home/zyy/robot_yang/install/carlike_robot_description/share/carlike_robot_description/xacro/sensors/camera.xacro
[0.044s] -- Up-to-date: /home/zyy/robot_yang/install/carlike_robot_description/share/carlike_robot_description/xacro/sensors/lidar.xacro
[0.044s] -- Up-to-date: /home/zyy/robot_yang/install/carlike_robot_description/share/carlike_robot_description/config
[0.044s] -- Up-to-date: /home/zyy/robot_yang/install/carlike_robot_description/share/carlike_robot_description/config/controllers.yaml
[0.045s] -- Up-to-date: /home/zyy/robot_yang/install/carlike_robot_description/share/carlike_robot_description/config/rviz
[0.045s] -- Up-to-date: /home/zyy/robot_yang/install/carlike_robot_description/share/carlike_robot_description/config/rviz/gazebo_sim.rviz
[0.045s] -- Up-to-date: /home/zyy/robot_yang/install/carlike_robot_description/share/carlike_robot_description/config/rviz/display_model.rviz
[0.045s] -- Up-to-date: /home/zyy/robot_yang/install/carlike_robot_description/share/ament_index/resource_index/package_run_dependencies/carlike_robot_description
[0.045s] -- Up-to-date: /home/zyy/robot_yang/install/carlike_robot_description/share/ament_index/resource_index/parent_prefix_path/carlike_robot_description
[0.045s] -- Up-to-date: /home/zyy/robot_yang/install/carlike_robot_description/share/carlike_robot_description/environment/ament_prefix_path.sh
[0.045s] -- Up-to-date: /home/zyy/robot_yang/install/carlike_robot_description/share/carlike_robot_description/environment/ament_prefix_path.dsv
[0.045s] -- Up-to-date: /home/zyy/robot_yang/install/carlike_robot_description/share/carlike_robot_description/environment/path.sh
[0.045s] -- Up-to-date: /home/zyy/robot_yang/install/carlike_robot_description/share/carlike_robot_description/environment/path.dsv
[0.045s] -- Up-to-date: /home/zyy/robot_yang/install/carlike_robot_description/share/carlike_robot_description/local_setup.bash
[0.046s] -- Up-to-date: /home/zyy/robot_yang/install/carlike_robot_description/share/carlike_robot_description/local_setup.sh
[0.046s] -- Up-to-date: /home/zyy/robot_yang/install/carlike_robot_description/share/carlike_robot_description/local_setup.zsh
[0.046s] -- Up-to-date: /home/zyy/robot_yang/install/carlike_robot_description/share/carlike_robot_description/local_setup.dsv
[0.046s] -- Installing: /home/zyy/robot_yang/install/carlike_robot_description/share/carlike_robot_description/package.dsv
[0.046s] -- Up-to-date: /home/zyy/robot_yang/install/carlike_robot_description/share/ament_index/resource_index/packages/carlike_robot_description
[0.046s] -- Up-to-date: /home/zyy/robot_yang/install/carlike_robot_description/share/carlike_robot_description/cmake/carlike_robot_descriptionConfig.cmake
[0.046s] -- Up-to-date: /home/zyy/robot_yang/install/carlike_robot_description/share/carlike_robot_description/cmake/carlike_robot_descriptionConfig-version.cmake
[0.046s] -- Up-to-date: /home/zyy/robot_yang/install/carlike_robot_description/share/carlike_robot_description/package.xml
[0.057s] Invoked command in '/home/zyy/robot_yang/build/carlike_robot_description' returned '0': CMAKE_PREFIX_PATH=/opt/ros/humble /usr/bin/cmake --install /home/zyy/robot_yang/build/carlike_robot_description
