[0.091s] DEBUG:colcon:Command line arguments: ['/usr/local/bin/colcon', 'build']
[0.091s] DEBUG:colcon:Parsed command line arguments: Namespace(log_base=None, log_level=None, verb_name='build', build_base='build', install_base='install', merge_install=False, symlink_install=False, test_result_base=None, continue_on_error=False, executor='parallel', parallel_workers=16, event_handlers=None, ignore_user_meta=False, metas=['./colcon.meta'], base_paths=['.'], packages_ignore=None, packages_ignore_regex=None, paths=None, packages_up_to=None, packages_up_to_regex=None, packages_above=None, packages_above_and_dependencies=None, packages_above_depth=None, packages_select_by_dep=None, packages_skip_by_dep=None, packages_skip_up_to=None, packages_select_build_failed=False, packages_skip_build_finished=False, packages_select_test_failures=False, packages_skip_test_passed=False, packages_select=None, packages_skip=None, packages_select_regex=None, packages_skip_regex=None, packages_start=None, packages_end=None, allow_overriding=[], cmake_args=None, cmake_target=None, cmake_target_skip_unavailable=False, cmake_clean_cache=False, cmake_clean_first=False, cmake_force_configure=False, ament_cmake_args=None, catkin_cmake_args=None, catkin_skip_building_tests=False, verb_parser=<colcon_defaults.argument_parser.defaults.DefaultArgumentsDecorator object at 0x7ebb0d848a90>, verb_extension=<colcon_core.verb.build.BuildVerb object at 0x7ebb0d93e080>, main=<bound method BuildVerb.main of <colcon_core.verb.build.BuildVerb object at 0x7ebb0d93e080>>)
[0.203s] Level 1:colcon.colcon_core.package_discovery:discover_packages(colcon_meta) check parameters
[0.203s] Level 1:colcon.colcon_core.package_discovery:discover_packages(recursive) check parameters
[0.203s] Level 1:colcon.colcon_core.package_discovery:discover_packages(ignore) check parameters
[0.203s] Level 1:colcon.colcon_core.package_discovery:discover_packages(path) check parameters
[0.203s] Level 1:colcon.colcon_core.package_discovery:discover_packages(colcon_meta) discover
[0.203s] Level 1:colcon.colcon_core.package_discovery:discover_packages(recursive) discover
[0.203s] INFO:colcon.colcon_core.package_discovery:Crawling recursively for packages in '/home/zyy/robot_yang'
[0.203s] Level 1:colcon.colcon_core.package_identification:_identify(.) by extensions ['ignore', 'ignore_ament_install']
[0.203s] Level 1:colcon.colcon_core.package_identification:_identify(.) by extension 'ignore'
[0.203s] Level 1:colcon.colcon_core.package_identification:_identify(.) by extension 'ignore_ament_install'
[0.203s] Level 1:colcon.colcon_core.package_identification:_identify(.) by extensions ['colcon_pkg']
[0.203s] Level 1:colcon.colcon_core.package_identification:_identify(.) by extension 'colcon_pkg'
[0.203s] Level 1:colcon.colcon_core.package_identification:_identify(.) by extensions ['colcon_meta']
[0.203s] Level 1:colcon.colcon_core.package_identification:_identify(.) by extension 'colcon_meta'
[0.203s] Level 1:colcon.colcon_core.package_identification:_identify(.) by extensions ['ros']
[0.203s] Level 1:colcon.colcon_core.package_identification:_identify(.) by extension 'ros'
[0.210s] Level 1:colcon.colcon_core.package_identification:_identify(.) by extensions ['cmake', 'python']
[0.210s] Level 1:colcon.colcon_core.package_identification:_identify(.) by extension 'cmake'
[0.210s] Level 1:colcon.colcon_core.package_identification:_identify(.) by extension 'python'
[0.210s] Level 1:colcon.colcon_core.package_identification:_identify(.) by extensions ['python_setup_py']
[0.210s] Level 1:colcon.colcon_core.package_identification:_identify(.) by extension 'python_setup_py'
[0.210s] Level 1:colcon.colcon_core.package_identification:_identify(build) by extensions ['ignore', 'ignore_ament_install']
[0.210s] Level 1:colcon.colcon_core.package_identification:_identify(build) by extension 'ignore'
[0.210s] Level 1:colcon.colcon_core.package_identification:_identify(build) ignored
[0.211s] Level 1:colcon.colcon_core.package_identification:_identify(install) by extensions ['ignore', 'ignore_ament_install']
[0.211s] Level 1:colcon.colcon_core.package_identification:_identify(install) by extension 'ignore'
[0.211s] Level 1:colcon.colcon_core.package_identification:_identify(install) ignored
[0.211s] Level 1:colcon.colcon_core.package_identification:_identify(log) by extensions ['ignore', 'ignore_ament_install']
[0.211s] Level 1:colcon.colcon_core.package_identification:_identify(log) by extension 'ignore'
[0.211s] Level 1:colcon.colcon_core.package_identification:_identify(log) ignored
[0.211s] Level 1:colcon.colcon_core.package_identification:_identify(src) by extensions ['ignore', 'ignore_ament_install']
[0.211s] Level 1:colcon.colcon_core.package_identification:_identify(src) by extension 'ignore'
[0.211s] Level 1:colcon.colcon_core.package_identification:_identify(src) by extension 'ignore_ament_install'
[0.211s] Level 1:colcon.colcon_core.package_identification:_identify(src) by extensions ['colcon_pkg']
[0.211s] Level 1:colcon.colcon_core.package_identification:_identify(src) by extension 'colcon_pkg'
[0.211s] Level 1:colcon.colcon_core.package_identification:_identify(src) by extensions ['colcon_meta']
[0.211s] Level 1:colcon.colcon_core.package_identification:_identify(src) by extension 'colcon_meta'
[0.211s] Level 1:colcon.colcon_core.package_identification:_identify(src) by extensions ['ros']
[0.211s] Level 1:colcon.colcon_core.package_identification:_identify(src) by extension 'ros'
[0.211s] Level 1:colcon.colcon_core.package_identification:_identify(src) by extensions ['cmake', 'python']
[0.211s] Level 1:colcon.colcon_core.package_identification:_identify(src) by extension 'cmake'
[0.211s] Level 1:colcon.colcon_core.package_identification:_identify(src) by extension 'python'
[0.211s] Level 1:colcon.colcon_core.package_identification:_identify(src) by extensions ['python_setup_py']
[0.211s] Level 1:colcon.colcon_core.package_identification:_identify(src) by extension 'python_setup_py'
[0.211s] Level 1:colcon.colcon_core.package_identification:_identify(src/carlike_robot_description) by extensions ['ignore', 'ignore_ament_install']
[0.211s] Level 1:colcon.colcon_core.package_identification:_identify(src/carlike_robot_description) by extension 'ignore'
[0.211s] Level 1:colcon.colcon_core.package_identification:_identify(src/carlike_robot_description) by extension 'ignore_ament_install'
[0.211s] Level 1:colcon.colcon_core.package_identification:_identify(src/carlike_robot_description) by extensions ['colcon_pkg']
[0.211s] Level 1:colcon.colcon_core.package_identification:_identify(src/carlike_robot_description) by extension 'colcon_pkg'
[0.211s] Level 1:colcon.colcon_core.package_identification:_identify(src/carlike_robot_description) by extensions ['colcon_meta']
[0.211s] Level 1:colcon.colcon_core.package_identification:_identify(src/carlike_robot_description) by extension 'colcon_meta'
[0.211s] Level 1:colcon.colcon_core.package_identification:_identify(src/carlike_robot_description) by extensions ['ros']
[0.211s] Level 1:colcon.colcon_core.package_identification:_identify(src/carlike_robot_description) by extension 'ros'
[0.213s] DEBUG:colcon.colcon_core.package_identification:Package 'src/carlike_robot_description' with type 'ros.ament_cmake' and name 'carlike_robot_description'
[0.213s] Level 1:colcon.colcon_core.package_identification:_identify(src/velodyne_simulator) by extensions ['ignore', 'ignore_ament_install']
[0.213s] Level 1:colcon.colcon_core.package_identification:_identify(src/velodyne_simulator) by extension 'ignore'
[0.213s] Level 1:colcon.colcon_core.package_identification:_identify(src/velodyne_simulator) by extension 'ignore_ament_install'
[0.213s] Level 1:colcon.colcon_core.package_identification:_identify(src/velodyne_simulator) by extensions ['colcon_pkg']
[0.213s] Level 1:colcon.colcon_core.package_identification:_identify(src/velodyne_simulator) by extension 'colcon_pkg'
[0.213s] Level 1:colcon.colcon_core.package_identification:_identify(src/velodyne_simulator) by extensions ['colcon_meta']
[0.213s] Level 1:colcon.colcon_core.package_identification:_identify(src/velodyne_simulator) by extension 'colcon_meta'
[0.213s] Level 1:colcon.colcon_core.package_identification:_identify(src/velodyne_simulator) by extensions ['ros']
[0.213s] Level 1:colcon.colcon_core.package_identification:_identify(src/velodyne_simulator) by extension 'ros'
[0.213s] Level 1:colcon.colcon_core.package_identification:_identify(src/velodyne_simulator) by extensions ['cmake', 'python']
[0.213s] Level 1:colcon.colcon_core.package_identification:_identify(src/velodyne_simulator) by extension 'cmake'
[0.213s] Level 1:colcon.colcon_core.package_identification:_identify(src/velodyne_simulator) by extension 'python'
[0.213s] Level 1:colcon.colcon_core.package_identification:_identify(src/velodyne_simulator) by extensions ['python_setup_py']
[0.213s] Level 1:colcon.colcon_core.package_identification:_identify(src/velodyne_simulator) by extension 'python_setup_py'
[0.213s] Level 1:colcon.colcon_core.package_identification:_identify(src/velodyne_simulator/img) by extensions ['ignore', 'ignore_ament_install']
[0.213s] Level 1:colcon.colcon_core.package_identification:_identify(src/velodyne_simulator/img) by extension 'ignore'
[0.213s] Level 1:colcon.colcon_core.package_identification:_identify(src/velodyne_simulator/img) by extension 'ignore_ament_install'
[0.214s] Level 1:colcon.colcon_core.package_identification:_identify(src/velodyne_simulator/img) by extensions ['colcon_pkg']
[0.214s] Level 1:colcon.colcon_core.package_identification:_identify(src/velodyne_simulator/img) by extension 'colcon_pkg'
[0.214s] Level 1:colcon.colcon_core.package_identification:_identify(src/velodyne_simulator/img) by extensions ['colcon_meta']
[0.214s] Level 1:colcon.colcon_core.package_identification:_identify(src/velodyne_simulator/img) by extension 'colcon_meta'
[0.214s] Level 1:colcon.colcon_core.package_identification:_identify(src/velodyne_simulator/img) by extensions ['ros']
[0.214s] Level 1:colcon.colcon_core.package_identification:_identify(src/velodyne_simulator/img) by extension 'ros'
[0.214s] Level 1:colcon.colcon_core.package_identification:_identify(src/velodyne_simulator/img) by extensions ['cmake', 'python']
[0.214s] Level 1:colcon.colcon_core.package_identification:_identify(src/velodyne_simulator/img) by extension 'cmake'
[0.214s] Level 1:colcon.colcon_core.package_identification:_identify(src/velodyne_simulator/img) by extension 'python'
[0.214s] Level 1:colcon.colcon_core.package_identification:_identify(src/velodyne_simulator/img) by extensions ['python_setup_py']
[0.214s] Level 1:colcon.colcon_core.package_identification:_identify(src/velodyne_simulator/img) by extension 'python_setup_py'
[0.214s] Level 1:colcon.colcon_core.package_identification:_identify(src/velodyne_simulator/velodyne_description) by extensions ['ignore', 'ignore_ament_install']
[0.214s] Level 1:colcon.colcon_core.package_identification:_identify(src/velodyne_simulator/velodyne_description) by extension 'ignore'
[0.214s] Level 1:colcon.colcon_core.package_identification:_identify(src/velodyne_simulator/velodyne_description) by extension 'ignore_ament_install'
[0.214s] Level 1:colcon.colcon_core.package_identification:_identify(src/velodyne_simulator/velodyne_description) by extensions ['colcon_pkg']
[0.214s] Level 1:colcon.colcon_core.package_identification:_identify(src/velodyne_simulator/velodyne_description) by extension 'colcon_pkg'
[0.214s] Level 1:colcon.colcon_core.package_identification:_identify(src/velodyne_simulator/velodyne_description) by extensions ['colcon_meta']
[0.214s] Level 1:colcon.colcon_core.package_identification:_identify(src/velodyne_simulator/velodyne_description) by extension 'colcon_meta'
[0.214s] Level 1:colcon.colcon_core.package_identification:_identify(src/velodyne_simulator/velodyne_description) by extensions ['ros']
[0.214s] Level 1:colcon.colcon_core.package_identification:_identify(src/velodyne_simulator/velodyne_description) by extension 'ros'
[0.214s] DEBUG:colcon.colcon_core.package_identification:Package 'src/velodyne_simulator/velodyne_description' with type 'ros.ament_cmake' and name 'velodyne_description'
[0.215s] Level 1:colcon.colcon_core.package_identification:_identify(src/velodyne_simulator/velodyne_gazebo_plugins) by extensions ['ignore', 'ignore_ament_install']
[0.215s] Level 1:colcon.colcon_core.package_identification:_identify(src/velodyne_simulator/velodyne_gazebo_plugins) by extension 'ignore'
[0.215s] Level 1:colcon.colcon_core.package_identification:_identify(src/velodyne_simulator/velodyne_gazebo_plugins) by extension 'ignore_ament_install'
[0.215s] Level 1:colcon.colcon_core.package_identification:_identify(src/velodyne_simulator/velodyne_gazebo_plugins) by extensions ['colcon_pkg']
[0.215s] Level 1:colcon.colcon_core.package_identification:_identify(src/velodyne_simulator/velodyne_gazebo_plugins) by extension 'colcon_pkg'
[0.215s] Level 1:colcon.colcon_core.package_identification:_identify(src/velodyne_simulator/velodyne_gazebo_plugins) by extensions ['colcon_meta']
[0.215s] Level 1:colcon.colcon_core.package_identification:_identify(src/velodyne_simulator/velodyne_gazebo_plugins) by extension 'colcon_meta'
[0.215s] Level 1:colcon.colcon_core.package_identification:_identify(src/velodyne_simulator/velodyne_gazebo_plugins) by extensions ['ros']
[0.215s] Level 1:colcon.colcon_core.package_identification:_identify(src/velodyne_simulator/velodyne_gazebo_plugins) by extension 'ros'
[0.215s] DEBUG:colcon.colcon_core.package_identification:Package 'src/velodyne_simulator/velodyne_gazebo_plugins' with type 'ros.ament_cmake' and name 'velodyne_gazebo_plugins'
[0.215s] Level 1:colcon.colcon_core.package_identification:_identify(src/velodyne_simulator/velodyne_simulator) by extensions ['ignore', 'ignore_ament_install']
[0.216s] Level 1:colcon.colcon_core.package_identification:_identify(src/velodyne_simulator/velodyne_simulator) by extension 'ignore'
[0.216s] Level 1:colcon.colcon_core.package_identification:_identify(src/velodyne_simulator/velodyne_simulator) by extension 'ignore_ament_install'
[0.216s] Level 1:colcon.colcon_core.package_identification:_identify(src/velodyne_simulator/velodyne_simulator) by extensions ['colcon_pkg']
[0.216s] Level 1:colcon.colcon_core.package_identification:_identify(src/velodyne_simulator/velodyne_simulator) by extension 'colcon_pkg'
[0.216s] Level 1:colcon.colcon_core.package_identification:_identify(src/velodyne_simulator/velodyne_simulator) by extensions ['colcon_meta']
[0.216s] Level 1:colcon.colcon_core.package_identification:_identify(src/velodyne_simulator/velodyne_simulator) by extension 'colcon_meta'
[0.216s] Level 1:colcon.colcon_core.package_identification:_identify(src/velodyne_simulator/velodyne_simulator) by extensions ['ros']
[0.216s] Level 1:colcon.colcon_core.package_identification:_identify(src/velodyne_simulator/velodyne_simulator) by extension 'ros'
[0.216s] DEBUG:colcon.colcon_core.package_identification:Package 'src/velodyne_simulator/velodyne_simulator' with type 'ros.ament_cmake' and name 'velodyne_simulator'
[0.216s] Level 1:colcon.colcon_core.package_discovery:discover_packages(recursive) using defaults
[0.216s] Level 1:colcon.colcon_core.package_discovery:discover_packages(ignore) discover
[0.216s] Level 1:colcon.colcon_core.package_discovery:discover_packages(ignore) using defaults
[0.216s] Level 1:colcon.colcon_core.package_discovery:discover_packages(path) discover
[0.216s] Level 1:colcon.colcon_core.package_discovery:discover_packages(path) using defaults
[0.229s] Level 1:colcon.colcon_core.package_discovery:discover_packages(prefix_path) check parameters
[0.230s] Level 1:colcon.colcon_core.package_discovery:discover_packages(prefix_path) discover
[0.231s] DEBUG:colcon.colcon_installed_package_information.package_discovery:Found 396 installed packages in /opt/ros/humble
[0.239s] Level 1:colcon.colcon_core.package_discovery:discover_packages(prefix_path) using defaults
[0.269s] Level 5:colcon.colcon_core.verb:set package 'carlike_robot_description' build argument 'cmake_args' from command line to 'None'
[0.269s] Level 5:colcon.colcon_core.verb:set package 'carlike_robot_description' build argument 'cmake_target' from command line to 'None'
[0.269s] Level 5:colcon.colcon_core.verb:set package 'carlike_robot_description' build argument 'cmake_target_skip_unavailable' from command line to 'False'
[0.269s] Level 5:colcon.colcon_core.verb:set package 'carlike_robot_description' build argument 'cmake_clean_cache' from command line to 'False'
[0.269s] Level 5:colcon.colcon_core.verb:set package 'carlike_robot_description' build argument 'cmake_clean_first' from command line to 'False'
[0.269s] Level 5:colcon.colcon_core.verb:set package 'carlike_robot_description' build argument 'cmake_force_configure' from command line to 'False'
[0.269s] Level 5:colcon.colcon_core.verb:set package 'carlike_robot_description' build argument 'ament_cmake_args' from command line to 'None'
[0.269s] Level 5:colcon.colcon_core.verb:set package 'carlike_robot_description' build argument 'catkin_cmake_args' from command line to 'None'
[0.269s] Level 5:colcon.colcon_core.verb:set package 'carlike_robot_description' build argument 'catkin_skip_building_tests' from command line to 'False'
[0.269s] DEBUG:colcon.colcon_core.verb:Building package 'carlike_robot_description' with the following arguments: {'ament_cmake_args': None, 'build_base': '/home/zyy/robot_yang/build/carlike_robot_description', 'catkin_cmake_args': None, 'catkin_skip_building_tests': False, 'cmake_args': None, 'cmake_clean_cache': False, 'cmake_clean_first': False, 'cmake_force_configure': False, 'cmake_target': None, 'cmake_target_skip_unavailable': False, 'install_base': '/home/zyy/robot_yang/install/carlike_robot_description', 'merge_install': False, 'path': '/home/zyy/robot_yang/src/carlike_robot_description', 'symlink_install': False, 'test_result_base': None}
[0.269s] Level 5:colcon.colcon_core.verb:set package 'velodyne_description' build argument 'cmake_args' from command line to 'None'
[0.269s] Level 5:colcon.colcon_core.verb:set package 'velodyne_description' build argument 'cmake_target' from command line to 'None'
[0.269s] Level 5:colcon.colcon_core.verb:set package 'velodyne_description' build argument 'cmake_target_skip_unavailable' from command line to 'False'
[0.269s] Level 5:colcon.colcon_core.verb:set package 'velodyne_description' build argument 'cmake_clean_cache' from command line to 'False'
[0.269s] Level 5:colcon.colcon_core.verb:set package 'velodyne_description' build argument 'cmake_clean_first' from command line to 'False'
[0.269s] Level 5:colcon.colcon_core.verb:set package 'velodyne_description' build argument 'cmake_force_configure' from command line to 'False'
[0.269s] Level 5:colcon.colcon_core.verb:set package 'velodyne_description' build argument 'ament_cmake_args' from command line to 'None'
[0.269s] Level 5:colcon.colcon_core.verb:set package 'velodyne_description' build argument 'catkin_cmake_args' from command line to 'None'
[0.269s] Level 5:colcon.colcon_core.verb:set package 'velodyne_description' build argument 'catkin_skip_building_tests' from command line to 'False'
[0.269s] DEBUG:colcon.colcon_core.verb:Building package 'velodyne_description' with the following arguments: {'ament_cmake_args': None, 'build_base': '/home/zyy/robot_yang/build/velodyne_description', 'catkin_cmake_args': None, 'catkin_skip_building_tests': False, 'cmake_args': None, 'cmake_clean_cache': False, 'cmake_clean_first': False, 'cmake_force_configure': False, 'cmake_target': None, 'cmake_target_skip_unavailable': False, 'install_base': '/home/zyy/robot_yang/install/velodyne_description', 'merge_install': False, 'path': '/home/zyy/robot_yang/src/velodyne_simulator/velodyne_description', 'symlink_install': False, 'test_result_base': None}
[0.269s] Level 5:colcon.colcon_core.verb:set package 'velodyne_gazebo_plugins' build argument 'cmake_args' from command line to 'None'
[0.269s] Level 5:colcon.colcon_core.verb:set package 'velodyne_gazebo_plugins' build argument 'cmake_target' from command line to 'None'
[0.269s] Level 5:colcon.colcon_core.verb:set package 'velodyne_gazebo_plugins' build argument 'cmake_target_skip_unavailable' from command line to 'False'
[0.269s] Level 5:colcon.colcon_core.verb:set package 'velodyne_gazebo_plugins' build argument 'cmake_clean_cache' from command line to 'False'
[0.269s] Level 5:colcon.colcon_core.verb:set package 'velodyne_gazebo_plugins' build argument 'cmake_clean_first' from command line to 'False'
[0.269s] Level 5:colcon.colcon_core.verb:set package 'velodyne_gazebo_plugins' build argument 'cmake_force_configure' from command line to 'False'
[0.269s] Level 5:colcon.colcon_core.verb:set package 'velodyne_gazebo_plugins' build argument 'ament_cmake_args' from command line to 'None'
[0.269s] Level 5:colcon.colcon_core.verb:set package 'velodyne_gazebo_plugins' build argument 'catkin_cmake_args' from command line to 'None'
[0.270s] Level 5:colcon.colcon_core.verb:set package 'velodyne_gazebo_plugins' build argument 'catkin_skip_building_tests' from command line to 'False'
[0.270s] DEBUG:colcon.colcon_core.verb:Building package 'velodyne_gazebo_plugins' with the following arguments: {'ament_cmake_args': None, 'build_base': '/home/zyy/robot_yang/build/velodyne_gazebo_plugins', 'catkin_cmake_args': None, 'catkin_skip_building_tests': False, 'cmake_args': None, 'cmake_clean_cache': False, 'cmake_clean_first': False, 'cmake_force_configure': False, 'cmake_target': None, 'cmake_target_skip_unavailable': False, 'install_base': '/home/zyy/robot_yang/install/velodyne_gazebo_plugins', 'merge_install': False, 'path': '/home/zyy/robot_yang/src/velodyne_simulator/velodyne_gazebo_plugins', 'symlink_install': False, 'test_result_base': None}
[0.270s] Level 5:colcon.colcon_core.verb:set package 'velodyne_simulator' build argument 'cmake_args' from command line to 'None'
[0.270s] Level 5:colcon.colcon_core.verb:set package 'velodyne_simulator' build argument 'cmake_target' from command line to 'None'
[0.270s] Level 5:colcon.colcon_core.verb:set package 'velodyne_simulator' build argument 'cmake_target_skip_unavailable' from command line to 'False'
[0.270s] Level 5:colcon.colcon_core.verb:set package 'velodyne_simulator' build argument 'cmake_clean_cache' from command line to 'False'
[0.270s] Level 5:colcon.colcon_core.verb:set package 'velodyne_simulator' build argument 'cmake_clean_first' from command line to 'False'
[0.270s] Level 5:colcon.colcon_core.verb:set package 'velodyne_simulator' build argument 'cmake_force_configure' from command line to 'False'
[0.270s] Level 5:colcon.colcon_core.verb:set package 'velodyne_simulator' build argument 'ament_cmake_args' from command line to 'None'
[0.270s] Level 5:colcon.colcon_core.verb:set package 'velodyne_simulator' build argument 'catkin_cmake_args' from command line to 'None'
[0.270s] Level 5:colcon.colcon_core.verb:set package 'velodyne_simulator' build argument 'catkin_skip_building_tests' from command line to 'False'
[0.270s] DEBUG:colcon.colcon_core.verb:Building package 'velodyne_simulator' with the following arguments: {'ament_cmake_args': None, 'build_base': '/home/zyy/robot_yang/build/velodyne_simulator', 'catkin_cmake_args': None, 'catkin_skip_building_tests': False, 'cmake_args': None, 'cmake_clean_cache': False, 'cmake_clean_first': False, 'cmake_force_configure': False, 'cmake_target': None, 'cmake_target_skip_unavailable': False, 'install_base': '/home/zyy/robot_yang/install/velodyne_simulator', 'merge_install': False, 'path': '/home/zyy/robot_yang/src/velodyne_simulator/velodyne_simulator', 'symlink_install': False, 'test_result_base': None}
[0.270s] INFO:colcon.colcon_core.executor:Executing jobs using 'parallel' executor
[0.271s] DEBUG:colcon.colcon_parallel_executor.executor.parallel:run_until_complete
[0.271s] INFO:colcon.colcon_ros.task.ament_cmake.build:Building ROS package in '/home/zyy/robot_yang/src/velodyne_simulator/velodyne_description' with build type 'ament_cmake'
[0.271s] INFO:colcon.colcon_cmake.task.cmake.build:Building CMake package in '/home/zyy/robot_yang/src/velodyne_simulator/velodyne_description'
[0.272s] INFO:colcon.colcon_core.plugin_system:Skipping extension 'colcon_core.shell.bat': Not used on non-Windows systems
[0.272s] INFO:colcon.colcon_core.shell:Skip shell extension 'powershell' for command environment: Not usable outside of PowerShell
[0.272s] DEBUG:colcon.colcon_core.shell:Skip shell extension 'dsv' for command environment
[0.274s] INFO:colcon.colcon_ros.task.ament_cmake.build:Building ROS package in '/home/zyy/robot_yang/src/velodyne_simulator/velodyne_gazebo_plugins' with build type 'ament_cmake'
[0.274s] INFO:colcon.colcon_cmake.task.cmake.build:Building CMake package in '/home/zyy/robot_yang/src/velodyne_simulator/velodyne_gazebo_plugins'
[0.274s] INFO:colcon.colcon_core.shell:Skip shell extension 'powershell' for command environment: Not usable outside of PowerShell
[0.274s] DEBUG:colcon.colcon_core.shell:Skip shell extension 'dsv' for command environment
[0.276s] INFO:colcon.colcon_ros.task.ament_cmake.build:Building ROS package in '/home/zyy/robot_yang/src/carlike_robot_description' with build type 'ament_cmake'
[0.276s] INFO:colcon.colcon_cmake.task.cmake.build:Building CMake package in '/home/zyy/robot_yang/src/carlike_robot_description'
[0.276s] INFO:colcon.colcon_core.shell:Skip shell extension 'powershell' for command environment: Not usable outside of PowerShell
[0.276s] DEBUG:colcon.colcon_core.shell:Skip shell extension 'dsv' for command environment
[0.282s] DEBUG:colcon.colcon_core.event_handler.log_command:Invoking command in '/home/zyy/robot_yang/build/velodyne_description': CMAKE_PREFIX_PATH=/opt/ros/humble /usr/bin/cmake --build /home/zyy/robot_yang/build/velodyne_description -- -j16 -l16
[0.285s] DEBUG:colcon.colcon_core.event_handler.log_command:Invoking command in '/home/zyy/robot_yang/build/velodyne_gazebo_plugins': CMAKE_PREFIX_PATH=/opt/ros/humble /usr/bin/cmake --build /home/zyy/robot_yang/build/velodyne_gazebo_plugins -- -j16 -l16
[0.288s] DEBUG:colcon.colcon_core.event_handler.log_command:Invoking command in '/home/zyy/robot_yang/build/carlike_robot_description': CMAKE_PREFIX_PATH=/opt/ros/humble /usr/bin/cmake --build /home/zyy/robot_yang/build/carlike_robot_description -- -j16 -l16
[0.308s] DEBUG:colcon.colcon_core.event_handler.log_command:Invoked command in '/home/zyy/robot_yang/build/velodyne_description' returned '0': CMAKE_PREFIX_PATH=/opt/ros/humble /usr/bin/cmake --build /home/zyy/robot_yang/build/velodyne_description -- -j16 -l16
[0.315s] DEBUG:colcon.colcon_core.event_handler.log_command:Invoking command in '/home/zyy/robot_yang/build/velodyne_description': CMAKE_PREFIX_PATH=/opt/ros/humble /usr/bin/cmake --install /home/zyy/robot_yang/build/velodyne_description
[0.316s] DEBUG:colcon.colcon_core.event_handler.log_command:Invoked command in '/home/zyy/robot_yang/build/carlike_robot_description' returned '0': CMAKE_PREFIX_PATH=/opt/ros/humble /usr/bin/cmake --build /home/zyy/robot_yang/build/carlike_robot_description -- -j16 -l16
[0.317s] DEBUG:colcon.colcon_core.event_handler.log_command:Invoking command in '/home/zyy/robot_yang/build/carlike_robot_description': CMAKE_PREFIX_PATH=/opt/ros/humble /usr/bin/cmake --install /home/zyy/robot_yang/build/carlike_robot_description
[0.324s] Level 1:colcon.colcon_core.environment:create_environment_scripts_only(carlike_robot_description)
[0.325s] DEBUG:colcon.colcon_core.event_handler.log_command:Invoked command in '/home/zyy/robot_yang/build/carlike_robot_description' returned '0': CMAKE_PREFIX_PATH=/opt/ros/humble /usr/bin/cmake --install /home/zyy/robot_yang/build/carlike_robot_description
[0.326s] Level 1:colcon.colcon_core.environment:checking '/home/zyy/robot_yang/install/carlike_robot_description' for CMake module files
[0.327s] Level 1:colcon.colcon_core.environment:checking '/home/zyy/robot_yang/install/carlike_robot_description' for CMake config files
[0.327s] Level 1:colcon.colcon_core.shell:create_environment_hook('carlike_robot_description', 'cmake_prefix_path')
[0.327s] INFO:colcon.colcon_core.shell:Creating environment hook '/home/zyy/robot_yang/install/carlike_robot_description/share/carlike_robot_description/hook/cmake_prefix_path.ps1'
[0.327s] INFO:colcon.colcon_core.shell:Creating environment descriptor '/home/zyy/robot_yang/install/carlike_robot_description/share/carlike_robot_description/hook/cmake_prefix_path.dsv'
[0.328s] INFO:colcon.colcon_core.shell:Creating environment hook '/home/zyy/robot_yang/install/carlike_robot_description/share/carlike_robot_description/hook/cmake_prefix_path.sh'
[0.328s] Level 1:colcon.colcon_core.environment:checking '/home/zyy/robot_yang/install/carlike_robot_description/bin'
[0.328s] Level 1:colcon.colcon_core.environment:checking '/home/zyy/robot_yang/install/carlike_robot_description/lib/pkgconfig/carlike_robot_description.pc'
[0.328s] Level 1:colcon.colcon_core.environment:checking '/home/zyy/robot_yang/install/carlike_robot_description/lib/python3.10/site-packages'
[0.328s] Level 1:colcon.colcon_core.environment:checking '/home/zyy/robot_yang/install/carlike_robot_description/bin'
[0.329s] INFO:colcon.colcon_core.shell:Creating package script '/home/zyy/robot_yang/install/carlike_robot_description/share/carlike_robot_description/package.ps1'
[0.329s] INFO:colcon.colcon_core.shell:Creating package descriptor '/home/zyy/robot_yang/install/carlike_robot_description/share/carlike_robot_description/package.dsv'
[0.329s] INFO:colcon.colcon_core.shell:Creating package script '/home/zyy/robot_yang/install/carlike_robot_description/share/carlike_robot_description/package.sh'
[0.330s] INFO:colcon.colcon_core.shell:Creating package script '/home/zyy/robot_yang/install/carlike_robot_description/share/carlike_robot_description/package.bash'
[0.330s] INFO:colcon.colcon_core.shell:Creating package script '/home/zyy/robot_yang/install/carlike_robot_description/share/carlike_robot_description/package.zsh'
[0.331s] Level 1:colcon.colcon_core.environment:create_file_with_runtime_dependencies(/home/zyy/robot_yang/install/carlike_robot_description/share/colcon-core/packages/carlike_robot_description)
[0.331s] Level 1:colcon.colcon_core.environment:create_environment_scripts_only(carlike_robot_description)
[0.331s] Level 1:colcon.colcon_core.environment:checking '/home/zyy/robot_yang/install/carlike_robot_description' for CMake module files
[0.331s] Level 1:colcon.colcon_core.environment:checking '/home/zyy/robot_yang/install/carlike_robot_description' for CMake config files
[0.332s] Level 1:colcon.colcon_core.shell:create_environment_hook('carlike_robot_description', 'cmake_prefix_path')
[0.332s] INFO:colcon.colcon_core.shell:Creating environment hook '/home/zyy/robot_yang/install/carlike_robot_description/share/carlike_robot_description/hook/cmake_prefix_path.ps1'
[0.332s] INFO:colcon.colcon_core.shell:Creating environment descriptor '/home/zyy/robot_yang/install/carlike_robot_description/share/carlike_robot_description/hook/cmake_prefix_path.dsv'
[0.332s] INFO:colcon.colcon_core.shell:Creating environment hook '/home/zyy/robot_yang/install/carlike_robot_description/share/carlike_robot_description/hook/cmake_prefix_path.sh'
[0.332s] Level 1:colcon.colcon_core.environment:checking '/home/zyy/robot_yang/install/carlike_robot_description/bin'
[0.333s] Level 1:colcon.colcon_core.environment:checking '/home/zyy/robot_yang/install/carlike_robot_description/lib/pkgconfig/carlike_robot_description.pc'
[0.333s] Level 1:colcon.colcon_core.environment:checking '/home/zyy/robot_yang/install/carlike_robot_description/lib/python3.10/site-packages'
[0.333s] Level 1:colcon.colcon_core.environment:checking '/home/zyy/robot_yang/install/carlike_robot_description/bin'
[0.333s] INFO:colcon.colcon_core.shell:Creating package script '/home/zyy/robot_yang/install/carlike_robot_description/share/carlike_robot_description/package.ps1'
[0.333s] INFO:colcon.colcon_core.shell:Creating package descriptor '/home/zyy/robot_yang/install/carlike_robot_description/share/carlike_robot_description/package.dsv'
[0.333s] INFO:colcon.colcon_core.shell:Creating package script '/home/zyy/robot_yang/install/carlike_robot_description/share/carlike_robot_description/package.sh'
[0.334s] INFO:colcon.colcon_core.shell:Creating package script '/home/zyy/robot_yang/install/carlike_robot_description/share/carlike_robot_description/package.bash'
[0.334s] INFO:colcon.colcon_core.shell:Creating package script '/home/zyy/robot_yang/install/carlike_robot_description/share/carlike_robot_description/package.zsh'
[0.334s] Level 1:colcon.colcon_core.environment:create_file_with_runtime_dependencies(/home/zyy/robot_yang/install/carlike_robot_description/share/colcon-core/packages/carlike_robot_description)
[0.334s] Level 1:colcon.colcon_core.environment:create_environment_scripts_only(velodyne_description)
[0.335s] Level 1:colcon.colcon_core.environment:checking '/home/zyy/robot_yang/install/velodyne_description' for CMake module files
[0.335s] DEBUG:colcon.colcon_core.event_handler.log_command:Invoked command in '/home/zyy/robot_yang/build/velodyne_description' returned '0': CMAKE_PREFIX_PATH=/opt/ros/humble /usr/bin/cmake --install /home/zyy/robot_yang/build/velodyne_description
[0.335s] Level 1:colcon.colcon_core.environment:checking '/home/zyy/robot_yang/install/velodyne_description' for CMake config files
[0.335s] Level 1:colcon.colcon_core.shell:create_environment_hook('velodyne_description', 'cmake_prefix_path')
[0.336s] INFO:colcon.colcon_core.shell:Creating environment hook '/home/zyy/robot_yang/install/velodyne_description/share/velodyne_description/hook/cmake_prefix_path.ps1'
[0.336s] INFO:colcon.colcon_core.shell:Creating environment descriptor '/home/zyy/robot_yang/install/velodyne_description/share/velodyne_description/hook/cmake_prefix_path.dsv'
[0.336s] INFO:colcon.colcon_core.shell:Creating environment hook '/home/zyy/robot_yang/install/velodyne_description/share/velodyne_description/hook/cmake_prefix_path.sh'
[0.336s] Level 1:colcon.colcon_core.environment:checking '/home/zyy/robot_yang/install/velodyne_description/bin'
[0.336s] Level 1:colcon.colcon_core.environment:checking '/home/zyy/robot_yang/install/velodyne_description/lib/pkgconfig/velodyne_description.pc'
[0.337s] Level 1:colcon.colcon_core.environment:checking '/home/zyy/robot_yang/install/velodyne_description/lib/python3.10/site-packages'
[0.337s] Level 1:colcon.colcon_core.environment:checking '/home/zyy/robot_yang/install/velodyne_description/bin'
[0.337s] INFO:colcon.colcon_core.shell:Creating package script '/home/zyy/robot_yang/install/velodyne_description/share/velodyne_description/package.ps1'
[0.337s] INFO:colcon.colcon_core.shell:Creating package descriptor '/home/zyy/robot_yang/install/velodyne_description/share/velodyne_description/package.dsv'
[0.337s] INFO:colcon.colcon_core.shell:Creating package script '/home/zyy/robot_yang/install/velodyne_description/share/velodyne_description/package.sh'
[0.338s] INFO:colcon.colcon_core.shell:Creating package script '/home/zyy/robot_yang/install/velodyne_description/share/velodyne_description/package.bash'
[0.338s] INFO:colcon.colcon_core.shell:Creating package script '/home/zyy/robot_yang/install/velodyne_description/share/velodyne_description/package.zsh'
[0.338s] Level 1:colcon.colcon_core.environment:create_file_with_runtime_dependencies(/home/zyy/robot_yang/install/velodyne_description/share/colcon-core/packages/velodyne_description)
[0.338s] Level 1:colcon.colcon_core.environment:create_environment_scripts_only(velodyne_description)
[0.339s] Level 1:colcon.colcon_core.environment:checking '/home/zyy/robot_yang/install/velodyne_description' for CMake module files
[0.339s] Level 1:colcon.colcon_core.environment:checking '/home/zyy/robot_yang/install/velodyne_description' for CMake config files
[0.339s] Level 1:colcon.colcon_core.shell:create_environment_hook('velodyne_description', 'cmake_prefix_path')
[0.339s] INFO:colcon.colcon_core.shell:Creating environment hook '/home/zyy/robot_yang/install/velodyne_description/share/velodyne_description/hook/cmake_prefix_path.ps1'
[0.339s] INFO:colcon.colcon_core.shell:Creating environment descriptor '/home/zyy/robot_yang/install/velodyne_description/share/velodyne_description/hook/cmake_prefix_path.dsv'
[0.339s] INFO:colcon.colcon_core.shell:Creating environment hook '/home/zyy/robot_yang/install/velodyne_description/share/velodyne_description/hook/cmake_prefix_path.sh'
[0.340s] Level 1:colcon.colcon_core.environment:checking '/home/zyy/robot_yang/install/velodyne_description/bin'
[0.340s] Level 1:colcon.colcon_core.environment:checking '/home/zyy/robot_yang/install/velodyne_description/lib/pkgconfig/velodyne_description.pc'
[0.340s] Level 1:colcon.colcon_core.environment:checking '/home/zyy/robot_yang/install/velodyne_description/lib/python3.10/site-packages'
[0.340s] Level 1:colcon.colcon_core.environment:checking '/home/zyy/robot_yang/install/velodyne_description/bin'
[0.340s] INFO:colcon.colcon_core.shell:Creating package script '/home/zyy/robot_yang/install/velodyne_description/share/velodyne_description/package.ps1'
[0.341s] INFO:colcon.colcon_core.shell:Creating package descriptor '/home/zyy/robot_yang/install/velodyne_description/share/velodyne_description/package.dsv'
[0.341s] INFO:colcon.colcon_core.shell:Creating package script '/home/zyy/robot_yang/install/velodyne_description/share/velodyne_description/package.sh'
[0.341s] INFO:colcon.colcon_core.shell:Creating package script '/home/zyy/robot_yang/install/velodyne_description/share/velodyne_description/package.bash'
[0.341s] INFO:colcon.colcon_core.shell:Creating package script '/home/zyy/robot_yang/install/velodyne_description/share/velodyne_description/package.zsh'
[0.342s] Level 1:colcon.colcon_core.environment:create_file_with_runtime_dependencies(/home/zyy/robot_yang/install/velodyne_description/share/colcon-core/packages/velodyne_description)
[0.343s] DEBUG:colcon.colcon_core.event_handler.log_command:Invoked command in '/home/zyy/robot_yang/build/velodyne_gazebo_plugins' returned '0': CMAKE_PREFIX_PATH=/opt/ros/humble /usr/bin/cmake --build /home/zyy/robot_yang/build/velodyne_gazebo_plugins -- -j16 -l16
[0.344s] DEBUG:colcon.colcon_core.event_handler.log_command:Invoking command in '/home/zyy/robot_yang/build/velodyne_gazebo_plugins': CMAKE_PREFIX_PATH=/opt/ros/humble /usr/bin/cmake --install /home/zyy/robot_yang/build/velodyne_gazebo_plugins
[0.351s] Level 1:colcon.colcon_core.environment:create_environment_scripts_only(velodyne_gazebo_plugins)
[0.352s] Level 1:colcon.colcon_core.environment:checking '/home/zyy/robot_yang/install/velodyne_gazebo_plugins' for CMake module files
[0.352s] DEBUG:colcon.colcon_core.event_handler.log_command:Invoked command in '/home/zyy/robot_yang/build/velodyne_gazebo_plugins' returned '0': CMAKE_PREFIX_PATH=/opt/ros/humble /usr/bin/cmake --install /home/zyy/robot_yang/build/velodyne_gazebo_plugins
[0.352s] Level 1:colcon.colcon_core.environment:checking '/home/zyy/robot_yang/install/velodyne_gazebo_plugins' for CMake config files
[0.352s] Level 1:colcon.colcon_core.shell:create_environment_hook('velodyne_gazebo_plugins', 'cmake_prefix_path')
[0.353s] INFO:colcon.colcon_core.shell:Creating environment hook '/home/zyy/robot_yang/install/velodyne_gazebo_plugins/share/velodyne_gazebo_plugins/hook/cmake_prefix_path.ps1'
[0.353s] INFO:colcon.colcon_core.shell:Creating environment descriptor '/home/zyy/robot_yang/install/velodyne_gazebo_plugins/share/velodyne_gazebo_plugins/hook/cmake_prefix_path.dsv'
[0.353s] INFO:colcon.colcon_core.shell:Creating environment hook '/home/zyy/robot_yang/install/velodyne_gazebo_plugins/share/velodyne_gazebo_plugins/hook/cmake_prefix_path.sh'
[0.354s] Level 1:colcon.colcon_core.environment:checking '/home/zyy/robot_yang/install/velodyne_gazebo_plugins/lib'
[0.354s] Level 1:colcon.colcon_core.shell:create_environment_hook('velodyne_gazebo_plugins', 'ld_library_path_lib')
[0.354s] INFO:colcon.colcon_core.shell:Creating environment hook '/home/zyy/robot_yang/install/velodyne_gazebo_plugins/share/velodyne_gazebo_plugins/hook/ld_library_path_lib.ps1'
[0.355s] INFO:colcon.colcon_core.shell:Creating environment descriptor '/home/zyy/robot_yang/install/velodyne_gazebo_plugins/share/velodyne_gazebo_plugins/hook/ld_library_path_lib.dsv'
[0.355s] INFO:colcon.colcon_core.shell:Creating environment hook '/home/zyy/robot_yang/install/velodyne_gazebo_plugins/share/velodyne_gazebo_plugins/hook/ld_library_path_lib.sh'
[0.355s] Level 1:colcon.colcon_core.environment:checking '/home/zyy/robot_yang/install/velodyne_gazebo_plugins/bin'
[0.355s] Level 1:colcon.colcon_core.environment:checking '/home/zyy/robot_yang/install/velodyne_gazebo_plugins/lib/pkgconfig/velodyne_gazebo_plugins.pc'
[0.355s] Level 1:colcon.colcon_core.environment:checking '/home/zyy/robot_yang/install/velodyne_gazebo_plugins/lib/python3.10/site-packages'
[0.355s] Level 1:colcon.colcon_core.environment:checking '/home/zyy/robot_yang/install/velodyne_gazebo_plugins/bin'
[0.356s] INFO:colcon.colcon_core.shell:Creating package script '/home/zyy/robot_yang/install/velodyne_gazebo_plugins/share/velodyne_gazebo_plugins/package.ps1'
[0.356s] INFO:colcon.colcon_core.shell:Creating package descriptor '/home/zyy/robot_yang/install/velodyne_gazebo_plugins/share/velodyne_gazebo_plugins/package.dsv'
[0.356s] INFO:colcon.colcon_core.shell:Creating package script '/home/zyy/robot_yang/install/velodyne_gazebo_plugins/share/velodyne_gazebo_plugins/package.sh'
[0.356s] INFO:colcon.colcon_core.shell:Creating package script '/home/zyy/robot_yang/install/velodyne_gazebo_plugins/share/velodyne_gazebo_plugins/package.bash'
[0.357s] INFO:colcon.colcon_core.shell:Creating package script '/home/zyy/robot_yang/install/velodyne_gazebo_plugins/share/velodyne_gazebo_plugins/package.zsh'
[0.357s] Level 1:colcon.colcon_core.environment:create_file_with_runtime_dependencies(/home/zyy/robot_yang/install/velodyne_gazebo_plugins/share/colcon-core/packages/velodyne_gazebo_plugins)
[0.357s] Level 1:colcon.colcon_core.environment:create_environment_scripts_only(velodyne_gazebo_plugins)
[0.357s] Level 1:colcon.colcon_core.environment:checking '/home/zyy/robot_yang/install/velodyne_gazebo_plugins' for CMake module files
[0.357s] Level 1:colcon.colcon_core.environment:checking '/home/zyy/robot_yang/install/velodyne_gazebo_plugins' for CMake config files
[0.358s] Level 1:colcon.colcon_core.shell:create_environment_hook('velodyne_gazebo_plugins', 'cmake_prefix_path')
[0.358s] INFO:colcon.colcon_core.shell:Creating environment hook '/home/zyy/robot_yang/install/velodyne_gazebo_plugins/share/velodyne_gazebo_plugins/hook/cmake_prefix_path.ps1'
[0.358s] INFO:colcon.colcon_core.shell:Creating environment descriptor '/home/zyy/robot_yang/install/velodyne_gazebo_plugins/share/velodyne_gazebo_plugins/hook/cmake_prefix_path.dsv'
[0.358s] INFO:colcon.colcon_core.shell:Creating environment hook '/home/zyy/robot_yang/install/velodyne_gazebo_plugins/share/velodyne_gazebo_plugins/hook/cmake_prefix_path.sh'
[0.358s] Level 1:colcon.colcon_core.environment:checking '/home/zyy/robot_yang/install/velodyne_gazebo_plugins/lib'
[0.359s] Level 1:colcon.colcon_core.shell:create_environment_hook('velodyne_gazebo_plugins', 'ld_library_path_lib')
[0.359s] INFO:colcon.colcon_core.shell:Creating environment hook '/home/zyy/robot_yang/install/velodyne_gazebo_plugins/share/velodyne_gazebo_plugins/hook/ld_library_path_lib.ps1'
[0.359s] INFO:colcon.colcon_core.shell:Creating environment descriptor '/home/zyy/robot_yang/install/velodyne_gazebo_plugins/share/velodyne_gazebo_plugins/hook/ld_library_path_lib.dsv'
[0.359s] INFO:colcon.colcon_core.shell:Creating environment hook '/home/zyy/robot_yang/install/velodyne_gazebo_plugins/share/velodyne_gazebo_plugins/hook/ld_library_path_lib.sh'
[0.359s] Level 1:colcon.colcon_core.environment:checking '/home/zyy/robot_yang/install/velodyne_gazebo_plugins/bin'
[0.359s] Level 1:colcon.colcon_core.environment:checking '/home/zyy/robot_yang/install/velodyne_gazebo_plugins/lib/pkgconfig/velodyne_gazebo_plugins.pc'
[0.360s] Level 1:colcon.colcon_core.environment:checking '/home/zyy/robot_yang/install/velodyne_gazebo_plugins/lib/python3.10/site-packages'
[0.360s] Level 1:colcon.colcon_core.environment:checking '/home/zyy/robot_yang/install/velodyne_gazebo_plugins/bin'
[0.360s] INFO:colcon.colcon_core.shell:Creating package script '/home/zyy/robot_yang/install/velodyne_gazebo_plugins/share/velodyne_gazebo_plugins/package.ps1'
[0.360s] INFO:colcon.colcon_core.shell:Creating package descriptor '/home/zyy/robot_yang/install/velodyne_gazebo_plugins/share/velodyne_gazebo_plugins/package.dsv'
[0.360s] INFO:colcon.colcon_core.shell:Creating package script '/home/zyy/robot_yang/install/velodyne_gazebo_plugins/share/velodyne_gazebo_plugins/package.sh'
[0.361s] INFO:colcon.colcon_core.shell:Creating package script '/home/zyy/robot_yang/install/velodyne_gazebo_plugins/share/velodyne_gazebo_plugins/package.bash'
[0.361s] INFO:colcon.colcon_core.shell:Creating package script '/home/zyy/robot_yang/install/velodyne_gazebo_plugins/share/velodyne_gazebo_plugins/package.zsh'
[0.361s] Level 1:colcon.colcon_core.environment:create_file_with_runtime_dependencies(/home/zyy/robot_yang/install/velodyne_gazebo_plugins/share/colcon-core/packages/velodyne_gazebo_plugins)
[0.361s] INFO:colcon.colcon_ros.task.ament_cmake.build:Building ROS package in '/home/zyy/robot_yang/src/velodyne_simulator/velodyne_simulator' with build type 'ament_cmake'
[0.362s] INFO:colcon.colcon_cmake.task.cmake.build:Building CMake package in '/home/zyy/robot_yang/src/velodyne_simulator/velodyne_simulator'
[0.362s] INFO:colcon.colcon_core.shell:Skip shell extension 'powershell' for command environment: Not usable outside of PowerShell
[0.362s] DEBUG:colcon.colcon_core.shell:Skip shell extension 'dsv' for command environment
[0.368s] DEBUG:colcon.colcon_core.event_handler.log_command:Invoking command in '/home/zyy/robot_yang/build/velodyne_simulator': AMENT_PREFIX_PATH=/home/zyy/robot_yang/install/velodyne_gazebo_plugins:/home/zyy/robot_yang/install/velodyne_description:${AMENT_PREFIX_PATH} CMAKE_PREFIX_PATH=/home/zyy/robot_yang/install/velodyne_gazebo_plugins:/home/zyy/robot_yang/install/velodyne_description:/opt/ros/humble LD_LIBRARY_PATH=/home/zyy/robot_yang/install/velodyne_gazebo_plugins/lib:${LD_LIBRARY_PATH} /usr/bin/cmake --build /home/zyy/robot_yang/build/velodyne_simulator -- -j16 -l16
[0.394s] DEBUG:colcon.colcon_core.event_handler.log_command:Invoked command in '/home/zyy/robot_yang/build/velodyne_simulator' returned '0': AMENT_PREFIX_PATH=/home/zyy/robot_yang/install/velodyne_gazebo_plugins:/home/zyy/robot_yang/install/velodyne_description:${AMENT_PREFIX_PATH} CMAKE_PREFIX_PATH=/home/zyy/robot_yang/install/velodyne_gazebo_plugins:/home/zyy/robot_yang/install/velodyne_description:/opt/ros/humble LD_LIBRARY_PATH=/home/zyy/robot_yang/install/velodyne_gazebo_plugins/lib:${LD_LIBRARY_PATH} /usr/bin/cmake --build /home/zyy/robot_yang/build/velodyne_simulator -- -j16 -l16
[0.395s] DEBUG:colcon.colcon_core.event_handler.log_command:Invoking command in '/home/zyy/robot_yang/build/velodyne_simulator': AMENT_PREFIX_PATH=/home/zyy/robot_yang/install/velodyne_gazebo_plugins:/home/zyy/robot_yang/install/velodyne_description:${AMENT_PREFIX_PATH} CMAKE_PREFIX_PATH=/home/zyy/robot_yang/install/velodyne_gazebo_plugins:/home/zyy/robot_yang/install/velodyne_description:/opt/ros/humble LD_LIBRARY_PATH=/home/zyy/robot_yang/install/velodyne_gazebo_plugins/lib:${LD_LIBRARY_PATH} /usr/bin/cmake --install /home/zyy/robot_yang/build/velodyne_simulator
[0.401s] Level 1:colcon.colcon_core.environment:create_environment_scripts_only(velodyne_simulator)
[0.401s] Level 1:colcon.colcon_core.environment:checking '/home/zyy/robot_yang/install/velodyne_simulator' for CMake module files
[0.401s] DEBUG:colcon.colcon_core.event_handler.log_command:Invoked command in '/home/zyy/robot_yang/build/velodyne_simulator' returned '0': AMENT_PREFIX_PATH=/home/zyy/robot_yang/install/velodyne_gazebo_plugins:/home/zyy/robot_yang/install/velodyne_description:${AMENT_PREFIX_PATH} CMAKE_PREFIX_PATH=/home/zyy/robot_yang/install/velodyne_gazebo_plugins:/home/zyy/robot_yang/install/velodyne_description:/opt/ros/humble LD_LIBRARY_PATH=/home/zyy/robot_yang/install/velodyne_gazebo_plugins/lib:${LD_LIBRARY_PATH} /usr/bin/cmake --install /home/zyy/robot_yang/build/velodyne_simulator
[0.402s] Level 1:colcon.colcon_core.environment:checking '/home/zyy/robot_yang/install/velodyne_simulator' for CMake config files
[0.402s] Level 1:colcon.colcon_core.shell:create_environment_hook('velodyne_simulator', 'cmake_prefix_path')
[0.402s] INFO:colcon.colcon_core.shell:Creating environment hook '/home/zyy/robot_yang/install/velodyne_simulator/share/velodyne_simulator/hook/cmake_prefix_path.ps1'
[0.402s] INFO:colcon.colcon_core.shell:Creating environment descriptor '/home/zyy/robot_yang/install/velodyne_simulator/share/velodyne_simulator/hook/cmake_prefix_path.dsv'
[0.402s] INFO:colcon.colcon_core.shell:Creating environment hook '/home/zyy/robot_yang/install/velodyne_simulator/share/velodyne_simulator/hook/cmake_prefix_path.sh'
[0.403s] Level 1:colcon.colcon_core.environment:checking '/home/zyy/robot_yang/install/velodyne_simulator/bin'
[0.403s] Level 1:colcon.colcon_core.environment:checking '/home/zyy/robot_yang/install/velodyne_simulator/lib/pkgconfig/velodyne_simulator.pc'
[0.403s] Level 1:colcon.colcon_core.environment:checking '/home/zyy/robot_yang/install/velodyne_simulator/lib/python3.10/site-packages'
[0.403s] Level 1:colcon.colcon_core.environment:checking '/home/zyy/robot_yang/install/velodyne_simulator/bin'
[0.403s] INFO:colcon.colcon_core.shell:Creating package script '/home/zyy/robot_yang/install/velodyne_simulator/share/velodyne_simulator/package.ps1'
[0.404s] INFO:colcon.colcon_core.shell:Creating package descriptor '/home/zyy/robot_yang/install/velodyne_simulator/share/velodyne_simulator/package.dsv'
[0.404s] INFO:colcon.colcon_core.shell:Creating package script '/home/zyy/robot_yang/install/velodyne_simulator/share/velodyne_simulator/package.sh'
[0.404s] INFO:colcon.colcon_core.shell:Creating package script '/home/zyy/robot_yang/install/velodyne_simulator/share/velodyne_simulator/package.bash'
[0.404s] INFO:colcon.colcon_core.shell:Creating package script '/home/zyy/robot_yang/install/velodyne_simulator/share/velodyne_simulator/package.zsh'
[0.404s] Level 1:colcon.colcon_core.environment:create_file_with_runtime_dependencies(/home/zyy/robot_yang/install/velodyne_simulator/share/colcon-core/packages/velodyne_simulator)
[0.405s] Level 1:colcon.colcon_core.environment:create_environment_scripts_only(velodyne_simulator)
[0.405s] Level 1:colcon.colcon_core.environment:checking '/home/zyy/robot_yang/install/velodyne_simulator' for CMake module files
[0.405s] Level 1:colcon.colcon_core.environment:checking '/home/zyy/robot_yang/install/velodyne_simulator' for CMake config files
[0.405s] Level 1:colcon.colcon_core.shell:create_environment_hook('velodyne_simulator', 'cmake_prefix_path')
[0.405s] INFO:colcon.colcon_core.shell:Creating environment hook '/home/zyy/robot_yang/install/velodyne_simulator/share/velodyne_simulator/hook/cmake_prefix_path.ps1'
[0.405s] INFO:colcon.colcon_core.shell:Creating environment descriptor '/home/zyy/robot_yang/install/velodyne_simulator/share/velodyne_simulator/hook/cmake_prefix_path.dsv'
[0.406s] INFO:colcon.colcon_core.shell:Creating environment hook '/home/zyy/robot_yang/install/velodyne_simulator/share/velodyne_simulator/hook/cmake_prefix_path.sh'
[0.406s] Level 1:colcon.colcon_core.environment:checking '/home/zyy/robot_yang/install/velodyne_simulator/bin'
[0.406s] Level 1:colcon.colcon_core.environment:checking '/home/zyy/robot_yang/install/velodyne_simulator/lib/pkgconfig/velodyne_simulator.pc'
[0.406s] Level 1:colcon.colcon_core.environment:checking '/home/zyy/robot_yang/install/velodyne_simulator/lib/python3.10/site-packages'
[0.406s] Level 1:colcon.colcon_core.environment:checking '/home/zyy/robot_yang/install/velodyne_simulator/bin'
[0.406s] INFO:colcon.colcon_core.shell:Creating package script '/home/zyy/robot_yang/install/velodyne_simulator/share/velodyne_simulator/package.ps1'
[0.407s] INFO:colcon.colcon_core.shell:Creating package descriptor '/home/zyy/robot_yang/install/velodyne_simulator/share/velodyne_simulator/package.dsv'
[0.407s] INFO:colcon.colcon_core.shell:Creating package script '/home/zyy/robot_yang/install/velodyne_simulator/share/velodyne_simulator/package.sh'
[0.407s] INFO:colcon.colcon_core.shell:Creating package script '/home/zyy/robot_yang/install/velodyne_simulator/share/velodyne_simulator/package.bash'
[0.407s] INFO:colcon.colcon_core.shell:Creating package script '/home/zyy/robot_yang/install/velodyne_simulator/share/velodyne_simulator/package.zsh'
[0.408s] Level 1:colcon.colcon_core.environment:create_file_with_runtime_dependencies(/home/zyy/robot_yang/install/velodyne_simulator/share/colcon-core/packages/velodyne_simulator)
[0.408s] DEBUG:colcon.colcon_parallel_executor.executor.parallel:closing loop
[0.408s] DEBUG:colcon.colcon_parallel_executor.executor.parallel:loop closed
[0.408s] DEBUG:colcon.colcon_parallel_executor.executor.parallel:run_until_complete finished with '0'
[0.408s] DEBUG:colcon.colcon_core.event_reactor:joining thread
[0.411s] INFO:colcon.colcon_core.plugin_system:Skipping extension 'colcon_notification.desktop_notification.terminal_notifier': Not used on non-Darwin systems
[0.411s] INFO:colcon.colcon_core.plugin_system:Skipping extension 'colcon_notification.desktop_notification.win32': Not used on non-Windows systems
[0.411s] INFO:colcon.colcon_notification.desktop_notification:Sending desktop notification using 'notify2'
[0.420s] DEBUG:colcon.colcon_core.event_reactor:joined thread
[0.421s] INFO:colcon.colcon_core.shell:Creating prefix script '/home/zyy/robot_yang/install/local_setup.ps1'
[0.422s] INFO:colcon.colcon_core.shell:Creating prefix util module '/home/zyy/robot_yang/install/_local_setup_util_ps1.py'
[0.423s] INFO:colcon.colcon_core.shell:Creating prefix chain script '/home/zyy/robot_yang/install/setup.ps1'
[0.423s] INFO:colcon.colcon_core.shell:Creating prefix script '/home/zyy/robot_yang/install/local_setup.sh'
[0.423s] INFO:colcon.colcon_core.shell:Creating prefix util module '/home/zyy/robot_yang/install/_local_setup_util_sh.py'
[0.424s] INFO:colcon.colcon_core.shell:Creating prefix chain script '/home/zyy/robot_yang/install/setup.sh'
[0.424s] INFO:colcon.colcon_core.shell:Creating prefix script '/home/zyy/robot_yang/install/local_setup.bash'
[0.425s] INFO:colcon.colcon_core.shell:Creating prefix chain script '/home/zyy/robot_yang/install/setup.bash'
[0.425s] INFO:colcon.colcon_core.shell:Creating prefix script '/home/zyy/robot_yang/install/local_setup.zsh'
[0.426s] INFO:colcon.colcon_core.shell:Creating prefix chain script '/home/zyy/robot_yang/install/setup.zsh'
