[0.006s] Invoking command in '/home/zyy/robot_yang/build/velodyne_simulator': AMENT_PREFIX_PATH=/home/zyy/robot_yang/install/velodyne_gazebo_plugins:/home/zyy/robot_yang/install/velodyne_description:${AMENT_PREFIX_PATH} CMAKE_PREFIX_PATH=/home/zyy/robot_yang/install/velodyne_gazebo_plugins:/home/zyy/robot_yang/install/velodyne_description:/opt/ros/humble LD_LIBRARY_PATH=/home/zyy/robot_yang/install/velodyne_gazebo_plugins/lib:${LD_LIBRARY_PATH} /usr/bin/cmake /home/zyy/robot_yang/src/velodyne_simulator/velodyne_simulator -DCMAKE_INSTALL_PREFIX=/home/zyy/robot_yang/install/velodyne_simulator
[0.038s] -- The C compiler identification is GNU 11.4.0
[0.071s] -- The CXX compiler identification is GNU 11.4.0
[0.075s] -- Detecting C compiler ABI info
[0.118s] -- Detecting C compiler ABI info - done
[0.122s] -- Check for working C compiler: /usr/bin/cc - skipped
[0.122s] -- Detecting C compile features
[0.123s] -- Detecting C compile features - done
[0.124s] -- Detecting CXX compiler ABI info
[0.174s] -- Detecting CXX compiler ABI info - done
[0.178s] -- Check for working CXX compiler: /usr/bin/c++ - skipped
[0.178s] -- Detecting CXX compile features
[0.178s] -- Detecting CXX compile features - done
[0.180s] -- Found ament_cmake: 1.3.11 (/opt/ros/humble/share/ament_cmake/cmake)
[0.276s] -- Found Python3: /usr/bin/python3 (found version "3.10.12") found components: Interpreter 
[0.373s] -- Configuring done
[0.374s] -- Generating done
[0.375s] -- Build files have been written to: /home/zyy/robot_yang/build/velodyne_simulator
[0.378s] Invoked command in '/home/zyy/robot_yang/build/velodyne_simulator' returned '0': AMENT_PREFIX_PATH=/home/zyy/robot_yang/install/velodyne_gazebo_plugins:/home/zyy/robot_yang/install/velodyne_description:${AMENT_PREFIX_PATH} CMAKE_PREFIX_PATH=/home/zyy/robot_yang/install/velodyne_gazebo_plugins:/home/zyy/robot_yang/install/velodyne_description:/opt/ros/humble LD_LIBRARY_PATH=/home/zyy/robot_yang/install/velodyne_gazebo_plugins/lib:${LD_LIBRARY_PATH} /usr/bin/cmake /home/zyy/robot_yang/src/velodyne_simulator/velodyne_simulator -DCMAKE_INSTALL_PREFIX=/home/zyy/robot_yang/install/velodyne_simulator
[0.379s] Invoking command in '/home/zyy/robot_yang/build/velodyne_simulator': AMENT_PREFIX_PATH=/home/zyy/robot_yang/install/velodyne_gazebo_plugins:/home/zyy/robot_yang/install/velodyne_description:${AMENT_PREFIX_PATH} CMAKE_PREFIX_PATH=/home/zyy/robot_yang/install/velodyne_gazebo_plugins:/home/zyy/robot_yang/install/velodyne_description:/opt/ros/humble LD_LIBRARY_PATH=/home/zyy/robot_yang/install/velodyne_gazebo_plugins/lib:${LD_LIBRARY_PATH} /usr/bin/cmake --build /home/zyy/robot_yang/build/velodyne_simulator -- -j16 -l16
[0.402s] Invoked command in '/home/zyy/robot_yang/build/velodyne_simulator' returned '0': AMENT_PREFIX_PATH=/home/zyy/robot_yang/install/velodyne_gazebo_plugins:/home/zyy/robot_yang/install/velodyne_description:${AMENT_PREFIX_PATH} CMAKE_PREFIX_PATH=/home/zyy/robot_yang/install/velodyne_gazebo_plugins:/home/zyy/robot_yang/install/velodyne_description:/opt/ros/humble LD_LIBRARY_PATH=/home/zyy/robot_yang/install/velodyne_gazebo_plugins/lib:${LD_LIBRARY_PATH} /usr/bin/cmake --build /home/zyy/robot_yang/build/velodyne_simulator -- -j16 -l16
[0.403s] Invoking command in '/home/zyy/robot_yang/build/velodyne_simulator': AMENT_PREFIX_PATH=/home/zyy/robot_yang/install/velodyne_gazebo_plugins:/home/zyy/robot_yang/install/velodyne_description:${AMENT_PREFIX_PATH} CMAKE_PREFIX_PATH=/home/zyy/robot_yang/install/velodyne_gazebo_plugins:/home/zyy/robot_yang/install/velodyne_description:/opt/ros/humble LD_LIBRARY_PATH=/home/zyy/robot_yang/install/velodyne_gazebo_plugins/lib:${LD_LIBRARY_PATH} /usr/bin/cmake --install /home/zyy/robot_yang/build/velodyne_simulator
[0.409s] -- Install configuration: ""
[0.409s] -- Installing: /home/zyy/robot_yang/install/velodyne_simulator/share/ament_index/resource_index/package_run_dependencies/velodyne_simulator
[0.409s] -- Installing: /home/zyy/robot_yang/install/velodyne_simulator/share/ament_index/resource_index/parent_prefix_path/velodyne_simulator
[0.409s] -- Installing: /home/zyy/robot_yang/install/velodyne_simulator/share/velodyne_simulator/environment/ament_prefix_path.sh
[0.409s] -- Installing: /home/zyy/robot_yang/install/velodyne_simulator/share/velodyne_simulator/environment/ament_prefix_path.dsv
[0.409s] -- Installing: /home/zyy/robot_yang/install/velodyne_simulator/share/velodyne_simulator/environment/path.sh
[0.409s] -- Installing: /home/zyy/robot_yang/install/velodyne_simulator/share/velodyne_simulator/environment/path.dsv
[0.409s] -- Installing: /home/zyy/robot_yang/install/velodyne_simulator/share/velodyne_simulator/local_setup.bash
[0.409s] -- Installing: /home/zyy/robot_yang/install/velodyne_simulator/share/velodyne_simulator/local_setup.sh
[0.409s] -- Installing: /home/zyy/robot_yang/install/velodyne_simulator/share/velodyne_simulator/local_setup.zsh
[0.409s] -- Installing: /home/zyy/robot_yang/install/velodyne_simulator/share/velodyne_simulator/local_setup.dsv
[0.409s] -- Installing: /home/zyy/robot_yang/install/velodyne_simulator/share/velodyne_simulator/package.dsv
[0.410s] -- Installing: /home/zyy/robot_yang/install/velodyne_simulator/share/ament_index/resource_index/packages/velodyne_simulator
[0.410s] -- Installing: /home/zyy/robot_yang/install/velodyne_simulator/share/velodyne_simulator/cmake/velodyne_simulatorConfig.cmake
[0.410s] -- Installing: /home/zyy/robot_yang/install/velodyne_simulator/share/velodyne_simulator/cmake/velodyne_simulatorConfig-version.cmake
[0.410s] -- Installing: /home/zyy/robot_yang/install/velodyne_simulator/share/velodyne_simulator/package.xml
[0.411s] Invoked command in '/home/zyy/robot_yang/build/velodyne_simulator' returned '0': AMENT_PREFIX_PATH=/home/zyy/robot_yang/install/velodyne_gazebo_plugins:/home/zyy/robot_yang/install/velodyne_description:${AMENT_PREFIX_PATH} CMAKE_PREFIX_PATH=/home/zyy/robot_yang/install/velodyne_gazebo_plugins:/home/zyy/robot_yang/install/velodyne_description:/opt/ros/humble LD_LIBRARY_PATH=/home/zyy/robot_yang/install/velodyne_gazebo_plugins/lib:${LD_LIBRARY_PATH} /usr/bin/cmake --install /home/zyy/robot_yang/build/velodyne_simulator
