[0.086s] DEBUG:colcon:Command line arguments: ['/usr/local/bin/colcon', 'build']
[0.086s] DEBUG:colcon:Parsed command line arguments: Namespace(log_base=None, log_level=None, verb_name='build', build_base='build', install_base='install', merge_install=False, symlink_install=False, test_result_base=None, continue_on_error=False, executor='parallel', parallel_workers=16, event_handlers=None, ignore_user_meta=False, metas=['./colcon.meta'], base_paths=['.'], packages_ignore=None, packages_ignore_regex=None, paths=None, packages_up_to=None, packages_up_to_regex=None, packages_above=None, packages_above_and_dependencies=None, packages_above_depth=None, packages_select_by_dep=None, packages_skip_by_dep=None, packages_skip_up_to=None, packages_select_build_failed=False, packages_skip_build_finished=False, packages_select_test_failures=False, packages_skip_test_passed=False, packages_select=None, packages_skip=None, packages_select_regex=None, packages_skip_regex=None, packages_start=None, packages_end=None, allow_overriding=[], cmake_args=None, cmake_target=None, cmake_target_skip_unavailable=False, cmake_clean_cache=False, cmake_clean_first=False, cmake_force_configure=False, ament_cmake_args=None, catkin_cmake_args=None, catkin_skip_building_tests=False, verb_parser=<colcon_defaults.argument_parser.defaults.DefaultArgumentsDecorator object at 0x71d946d447f0>, verb_extension=<colcon_core.verb.build.BuildVerb object at 0x71d946e3dde0>, main=<bound method BuildVerb.main of <colcon_core.verb.build.BuildVerb object at 0x71d946e3dde0>>)
[0.192s] Level 1:colcon.colcon_core.package_discovery:discover_packages(colcon_meta) check parameters
[0.192s] Level 1:colcon.colcon_core.package_discovery:discover_packages(recursive) check parameters
[0.192s] Level 1:colcon.colcon_core.package_discovery:discover_packages(ignore) check parameters
[0.192s] Level 1:colcon.colcon_core.package_discovery:discover_packages(path) check parameters
[0.192s] Level 1:colcon.colcon_core.package_discovery:discover_packages(colcon_meta) discover
[0.192s] Level 1:colcon.colcon_core.package_discovery:discover_packages(recursive) discover
[0.192s] INFO:colcon.colcon_core.package_discovery:Crawling recursively for packages in '/home/zyy/robot_yang'
[0.192s] Level 1:colcon.colcon_core.package_identification:_identify(.) by extensions ['ignore', 'ignore_ament_install']
[0.192s] Level 1:colcon.colcon_core.package_identification:_identify(.) by extension 'ignore'
[0.192s] Level 1:colcon.colcon_core.package_identification:_identify(.) by extension 'ignore_ament_install'
[0.192s] Level 1:colcon.colcon_core.package_identification:_identify(.) by extensions ['colcon_pkg']
[0.192s] Level 1:colcon.colcon_core.package_identification:_identify(.) by extension 'colcon_pkg'
[0.192s] Level 1:colcon.colcon_core.package_identification:_identify(.) by extensions ['colcon_meta']
[0.192s] Level 1:colcon.colcon_core.package_identification:_identify(.) by extension 'colcon_meta'
[0.192s] Level 1:colcon.colcon_core.package_identification:_identify(.) by extensions ['ros']
[0.192s] Level 1:colcon.colcon_core.package_identification:_identify(.) by extension 'ros'
[0.199s] Level 1:colcon.colcon_core.package_identification:_identify(.) by extensions ['cmake', 'python']
[0.199s] Level 1:colcon.colcon_core.package_identification:_identify(.) by extension 'cmake'
[0.199s] Level 1:colcon.colcon_core.package_identification:_identify(.) by extension 'python'
[0.199s] Level 1:colcon.colcon_core.package_identification:_identify(.) by extensions ['python_setup_py']
[0.199s] Level 1:colcon.colcon_core.package_identification:_identify(.) by extension 'python_setup_py'
[0.199s] Level 1:colcon.colcon_core.package_identification:_identify(build) by extensions ['ignore', 'ignore_ament_install']
[0.199s] Level 1:colcon.colcon_core.package_identification:_identify(build) by extension 'ignore'
[0.199s] Level 1:colcon.colcon_core.package_identification:_identify(build) ignored
[0.200s] Level 1:colcon.colcon_core.package_identification:_identify(install) by extensions ['ignore', 'ignore_ament_install']
[0.200s] Level 1:colcon.colcon_core.package_identification:_identify(install) by extension 'ignore'
[0.200s] Level 1:colcon.colcon_core.package_identification:_identify(install) ignored
[0.200s] Level 1:colcon.colcon_core.package_identification:_identify(log) by extensions ['ignore', 'ignore_ament_install']
[0.200s] Level 1:colcon.colcon_core.package_identification:_identify(log) by extension 'ignore'
[0.200s] Level 1:colcon.colcon_core.package_identification:_identify(log) ignored
[0.200s] Level 1:colcon.colcon_core.package_identification:_identify(src) by extensions ['ignore', 'ignore_ament_install']
[0.200s] Level 1:colcon.colcon_core.package_identification:_identify(src) by extension 'ignore'
[0.200s] Level 1:colcon.colcon_core.package_identification:_identify(src) by extension 'ignore_ament_install'
[0.200s] Level 1:colcon.colcon_core.package_identification:_identify(src) by extensions ['colcon_pkg']
[0.200s] Level 1:colcon.colcon_core.package_identification:_identify(src) by extension 'colcon_pkg'
[0.200s] Level 1:colcon.colcon_core.package_identification:_identify(src) by extensions ['colcon_meta']
[0.200s] Level 1:colcon.colcon_core.package_identification:_identify(src) by extension 'colcon_meta'
[0.200s] Level 1:colcon.colcon_core.package_identification:_identify(src) by extensions ['ros']
[0.200s] Level 1:colcon.colcon_core.package_identification:_identify(src) by extension 'ros'
[0.200s] Level 1:colcon.colcon_core.package_identification:_identify(src) by extensions ['cmake', 'python']
[0.200s] Level 1:colcon.colcon_core.package_identification:_identify(src) by extension 'cmake'
[0.200s] Level 1:colcon.colcon_core.package_identification:_identify(src) by extension 'python'
[0.200s] Level 1:colcon.colcon_core.package_identification:_identify(src) by extensions ['python_setup_py']
[0.200s] Level 1:colcon.colcon_core.package_identification:_identify(src) by extension 'python_setup_py'
[0.200s] Level 1:colcon.colcon_core.package_identification:_identify(src/carlike_robot_description) by extensions ['ignore', 'ignore_ament_install']
[0.200s] Level 1:colcon.colcon_core.package_identification:_identify(src/carlike_robot_description) by extension 'ignore'
[0.200s] Level 1:colcon.colcon_core.package_identification:_identify(src/carlike_robot_description) by extension 'ignore_ament_install'
[0.200s] Level 1:colcon.colcon_core.package_identification:_identify(src/carlike_robot_description) by extensions ['colcon_pkg']
[0.200s] Level 1:colcon.colcon_core.package_identification:_identify(src/carlike_robot_description) by extension 'colcon_pkg'
[0.200s] Level 1:colcon.colcon_core.package_identification:_identify(src/carlike_robot_description) by extensions ['colcon_meta']
[0.200s] Level 1:colcon.colcon_core.package_identification:_identify(src/carlike_robot_description) by extension 'colcon_meta'
[0.200s] Level 1:colcon.colcon_core.package_identification:_identify(src/carlike_robot_description) by extensions ['ros']
[0.200s] Level 1:colcon.colcon_core.package_identification:_identify(src/carlike_robot_description) by extension 'ros'
[0.202s] DEBUG:colcon.colcon_core.package_identification:Package 'src/carlike_robot_description' with type 'ros.ament_cmake' and name 'carlike_robot_description'
[0.202s] Level 1:colcon.colcon_core.package_identification:_identify(src/velodyne_simulator) by extensions ['ignore', 'ignore_ament_install']
[0.202s] Level 1:colcon.colcon_core.package_identification:_identify(src/velodyne_simulator) by extension 'ignore'
[0.202s] Level 1:colcon.colcon_core.package_identification:_identify(src/velodyne_simulator) by extension 'ignore_ament_install'
[0.202s] Level 1:colcon.colcon_core.package_identification:_identify(src/velodyne_simulator) by extensions ['colcon_pkg']
[0.202s] Level 1:colcon.colcon_core.package_identification:_identify(src/velodyne_simulator) by extension 'colcon_pkg'
[0.202s] Level 1:colcon.colcon_core.package_identification:_identify(src/velodyne_simulator) by extensions ['colcon_meta']
[0.202s] Level 1:colcon.colcon_core.package_identification:_identify(src/velodyne_simulator) by extension 'colcon_meta'
[0.202s] Level 1:colcon.colcon_core.package_identification:_identify(src/velodyne_simulator) by extensions ['ros']
[0.203s] Level 1:colcon.colcon_core.package_identification:_identify(src/velodyne_simulator) by extension 'ros'
[0.203s] Level 1:colcon.colcon_core.package_identification:_identify(src/velodyne_simulator) by extensions ['cmake', 'python']
[0.203s] Level 1:colcon.colcon_core.package_identification:_identify(src/velodyne_simulator) by extension 'cmake'
[0.203s] Level 1:colcon.colcon_core.package_identification:_identify(src/velodyne_simulator) by extension 'python'
[0.203s] Level 1:colcon.colcon_core.package_identification:_identify(src/velodyne_simulator) by extensions ['python_setup_py']
[0.203s] Level 1:colcon.colcon_core.package_identification:_identify(src/velodyne_simulator) by extension 'python_setup_py'
[0.203s] Level 1:colcon.colcon_core.package_identification:_identify(src/velodyne_simulator/img) by extensions ['ignore', 'ignore_ament_install']
[0.203s] Level 1:colcon.colcon_core.package_identification:_identify(src/velodyne_simulator/img) by extension 'ignore'
[0.203s] Level 1:colcon.colcon_core.package_identification:_identify(src/velodyne_simulator/img) by extension 'ignore_ament_install'
[0.203s] Level 1:colcon.colcon_core.package_identification:_identify(src/velodyne_simulator/img) by extensions ['colcon_pkg']
[0.203s] Level 1:colcon.colcon_core.package_identification:_identify(src/velodyne_simulator/img) by extension 'colcon_pkg'
[0.203s] Level 1:colcon.colcon_core.package_identification:_identify(src/velodyne_simulator/img) by extensions ['colcon_meta']
[0.203s] Level 1:colcon.colcon_core.package_identification:_identify(src/velodyne_simulator/img) by extension 'colcon_meta'
[0.203s] Level 1:colcon.colcon_core.package_identification:_identify(src/velodyne_simulator/img) by extensions ['ros']
[0.203s] Level 1:colcon.colcon_core.package_identification:_identify(src/velodyne_simulator/img) by extension 'ros'
[0.203s] Level 1:colcon.colcon_core.package_identification:_identify(src/velodyne_simulator/img) by extensions ['cmake', 'python']
[0.203s] Level 1:colcon.colcon_core.package_identification:_identify(src/velodyne_simulator/img) by extension 'cmake'
[0.203s] Level 1:colcon.colcon_core.package_identification:_identify(src/velodyne_simulator/img) by extension 'python'
[0.203s] Level 1:colcon.colcon_core.package_identification:_identify(src/velodyne_simulator/img) by extensions ['python_setup_py']
[0.203s] Level 1:colcon.colcon_core.package_identification:_identify(src/velodyne_simulator/img) by extension 'python_setup_py'
[0.203s] Level 1:colcon.colcon_core.package_identification:_identify(src/velodyne_simulator/velodyne_description) by extensions ['ignore', 'ignore_ament_install']
[0.203s] Level 1:colcon.colcon_core.package_identification:_identify(src/velodyne_simulator/velodyne_description) by extension 'ignore'
[0.203s] Level 1:colcon.colcon_core.package_identification:_identify(src/velodyne_simulator/velodyne_description) by extension 'ignore_ament_install'
[0.203s] Level 1:colcon.colcon_core.package_identification:_identify(src/velodyne_simulator/velodyne_description) by extensions ['colcon_pkg']
[0.203s] Level 1:colcon.colcon_core.package_identification:_identify(src/velodyne_simulator/velodyne_description) by extension 'colcon_pkg'
[0.203s] Level 1:colcon.colcon_core.package_identification:_identify(src/velodyne_simulator/velodyne_description) by extensions ['colcon_meta']
[0.203s] Level 1:colcon.colcon_core.package_identification:_identify(src/velodyne_simulator/velodyne_description) by extension 'colcon_meta'
[0.203s] Level 1:colcon.colcon_core.package_identification:_identify(src/velodyne_simulator/velodyne_description) by extensions ['ros']
[0.203s] Level 1:colcon.colcon_core.package_identification:_identify(src/velodyne_simulator/velodyne_description) by extension 'ros'
[0.204s] DEBUG:colcon.colcon_core.package_identification:Package 'src/velodyne_simulator/velodyne_description' with type 'ros.ament_cmake' and name 'velodyne_description'
[0.204s] Level 1:colcon.colcon_core.package_identification:_identify(src/velodyne_simulator/velodyne_gazebo_plugins) by extensions ['ignore', 'ignore_ament_install']
[0.204s] Level 1:colcon.colcon_core.package_identification:_identify(src/velodyne_simulator/velodyne_gazebo_plugins) by extension 'ignore'
[0.204s] Level 1:colcon.colcon_core.package_identification:_identify(src/velodyne_simulator/velodyne_gazebo_plugins) by extension 'ignore_ament_install'
[0.204s] Level 1:colcon.colcon_core.package_identification:_identify(src/velodyne_simulator/velodyne_gazebo_plugins) by extensions ['colcon_pkg']
[0.204s] Level 1:colcon.colcon_core.package_identification:_identify(src/velodyne_simulator/velodyne_gazebo_plugins) by extension 'colcon_pkg'
[0.204s] Level 1:colcon.colcon_core.package_identification:_identify(src/velodyne_simulator/velodyne_gazebo_plugins) by extensions ['colcon_meta']
[0.204s] Level 1:colcon.colcon_core.package_identification:_identify(src/velodyne_simulator/velodyne_gazebo_plugins) by extension 'colcon_meta'
[0.204s] Level 1:colcon.colcon_core.package_identification:_identify(src/velodyne_simulator/velodyne_gazebo_plugins) by extensions ['ros']
[0.204s] Level 1:colcon.colcon_core.package_identification:_identify(src/velodyne_simulator/velodyne_gazebo_plugins) by extension 'ros'
[0.205s] DEBUG:colcon.colcon_core.package_identification:Package 'src/velodyne_simulator/velodyne_gazebo_plugins' with type 'ros.ament_cmake' and name 'velodyne_gazebo_plugins'
[0.205s] Level 1:colcon.colcon_core.package_identification:_identify(src/velodyne_simulator/velodyne_simulator) by extensions ['ignore', 'ignore_ament_install']
[0.205s] Level 1:colcon.colcon_core.package_identification:_identify(src/velodyne_simulator/velodyne_simulator) by extension 'ignore'
[0.205s] Level 1:colcon.colcon_core.package_identification:_identify(src/velodyne_simulator/velodyne_simulator) by extension 'ignore_ament_install'
[0.205s] Level 1:colcon.colcon_core.package_identification:_identify(src/velodyne_simulator/velodyne_simulator) by extensions ['colcon_pkg']
[0.205s] Level 1:colcon.colcon_core.package_identification:_identify(src/velodyne_simulator/velodyne_simulator) by extension 'colcon_pkg'
[0.205s] Level 1:colcon.colcon_core.package_identification:_identify(src/velodyne_simulator/velodyne_simulator) by extensions ['colcon_meta']
[0.205s] Level 1:colcon.colcon_core.package_identification:_identify(src/velodyne_simulator/velodyne_simulator) by extension 'colcon_meta'
[0.205s] Level 1:colcon.colcon_core.package_identification:_identify(src/velodyne_simulator/velodyne_simulator) by extensions ['ros']
[0.205s] Level 1:colcon.colcon_core.package_identification:_identify(src/velodyne_simulator/velodyne_simulator) by extension 'ros'
[0.205s] DEBUG:colcon.colcon_core.package_identification:Package 'src/velodyne_simulator/velodyne_simulator' with type 'ros.ament_cmake' and name 'velodyne_simulator'
[0.205s] Level 1:colcon.colcon_core.package_discovery:discover_packages(recursive) using defaults
[0.205s] Level 1:colcon.colcon_core.package_discovery:discover_packages(ignore) discover
[0.205s] Level 1:colcon.colcon_core.package_discovery:discover_packages(ignore) using defaults
[0.205s] Level 1:colcon.colcon_core.package_discovery:discover_packages(path) discover
[0.206s] Level 1:colcon.colcon_core.package_discovery:discover_packages(path) using defaults
[0.218s] Level 1:colcon.colcon_core.package_discovery:discover_packages(prefix_path) check parameters
[0.218s] Level 1:colcon.colcon_core.package_discovery:discover_packages(prefix_path) discover
[0.220s] DEBUG:colcon.colcon_installed_package_information.package_discovery:Found 395 installed packages in /opt/ros/humble
[0.228s] Level 1:colcon.colcon_core.package_discovery:discover_packages(prefix_path) using defaults
[0.257s] Level 5:colcon.colcon_core.verb:set package 'carlike_robot_description' build argument 'cmake_args' from command line to 'None'
[0.257s] Level 5:colcon.colcon_core.verb:set package 'carlike_robot_description' build argument 'cmake_target' from command line to 'None'
[0.257s] Level 5:colcon.colcon_core.verb:set package 'carlike_robot_description' build argument 'cmake_target_skip_unavailable' from command line to 'False'
[0.257s] Level 5:colcon.colcon_core.verb:set package 'carlike_robot_description' build argument 'cmake_clean_cache' from command line to 'False'
[0.257s] Level 5:colcon.colcon_core.verb:set package 'carlike_robot_description' build argument 'cmake_clean_first' from command line to 'False'
[0.257s] Level 5:colcon.colcon_core.verb:set package 'carlike_robot_description' build argument 'cmake_force_configure' from command line to 'False'
[0.257s] Level 5:colcon.colcon_core.verb:set package 'carlike_robot_description' build argument 'ament_cmake_args' from command line to 'None'
[0.257s] Level 5:colcon.colcon_core.verb:set package 'carlike_robot_description' build argument 'catkin_cmake_args' from command line to 'None'
[0.257s] Level 5:colcon.colcon_core.verb:set package 'carlike_robot_description' build argument 'catkin_skip_building_tests' from command line to 'False'
[0.257s] DEBUG:colcon.colcon_core.verb:Building package 'carlike_robot_description' with the following arguments: {'ament_cmake_args': None, 'build_base': '/home/zyy/robot_yang/build/carlike_robot_description', 'catkin_cmake_args': None, 'catkin_skip_building_tests': False, 'cmake_args': None, 'cmake_clean_cache': False, 'cmake_clean_first': False, 'cmake_force_configure': False, 'cmake_target': None, 'cmake_target_skip_unavailable': False, 'install_base': '/home/zyy/robot_yang/install/carlike_robot_description', 'merge_install': False, 'path': '/home/zyy/robot_yang/src/carlike_robot_description', 'symlink_install': False, 'test_result_base': None}
[0.257s] Level 5:colcon.colcon_core.verb:set package 'velodyne_description' build argument 'cmake_args' from command line to 'None'
[0.257s] Level 5:colcon.colcon_core.verb:set package 'velodyne_description' build argument 'cmake_target' from command line to 'None'
[0.257s] Level 5:colcon.colcon_core.verb:set package 'velodyne_description' build argument 'cmake_target_skip_unavailable' from command line to 'False'
[0.257s] Level 5:colcon.colcon_core.verb:set package 'velodyne_description' build argument 'cmake_clean_cache' from command line to 'False'
[0.257s] Level 5:colcon.colcon_core.verb:set package 'velodyne_description' build argument 'cmake_clean_first' from command line to 'False'
[0.257s] Level 5:colcon.colcon_core.verb:set package 'velodyne_description' build argument 'cmake_force_configure' from command line to 'False'
[0.257s] Level 5:colcon.colcon_core.verb:set package 'velodyne_description' build argument 'ament_cmake_args' from command line to 'None'
[0.257s] Level 5:colcon.colcon_core.verb:set package 'velodyne_description' build argument 'catkin_cmake_args' from command line to 'None'
[0.257s] Level 5:colcon.colcon_core.verb:set package 'velodyne_description' build argument 'catkin_skip_building_tests' from command line to 'False'
[0.257s] DEBUG:colcon.colcon_core.verb:Building package 'velodyne_description' with the following arguments: {'ament_cmake_args': None, 'build_base': '/home/zyy/robot_yang/build/velodyne_description', 'catkin_cmake_args': None, 'catkin_skip_building_tests': False, 'cmake_args': None, 'cmake_clean_cache': False, 'cmake_clean_first': False, 'cmake_force_configure': False, 'cmake_target': None, 'cmake_target_skip_unavailable': False, 'install_base': '/home/zyy/robot_yang/install/velodyne_description', 'merge_install': False, 'path': '/home/zyy/robot_yang/src/velodyne_simulator/velodyne_description', 'symlink_install': False, 'test_result_base': None}
[0.258s] Level 5:colcon.colcon_core.verb:set package 'velodyne_gazebo_plugins' build argument 'cmake_args' from command line to 'None'
[0.258s] Level 5:colcon.colcon_core.verb:set package 'velodyne_gazebo_plugins' build argument 'cmake_target' from command line to 'None'
[0.258s] Level 5:colcon.colcon_core.verb:set package 'velodyne_gazebo_plugins' build argument 'cmake_target_skip_unavailable' from command line to 'False'
[0.258s] Level 5:colcon.colcon_core.verb:set package 'velodyne_gazebo_plugins' build argument 'cmake_clean_cache' from command line to 'False'
[0.258s] Level 5:colcon.colcon_core.verb:set package 'velodyne_gazebo_plugins' build argument 'cmake_clean_first' from command line to 'False'
[0.258s] Level 5:colcon.colcon_core.verb:set package 'velodyne_gazebo_plugins' build argument 'cmake_force_configure' from command line to 'False'
[0.258s] Level 5:colcon.colcon_core.verb:set package 'velodyne_gazebo_plugins' build argument 'ament_cmake_args' from command line to 'None'
[0.258s] Level 5:colcon.colcon_core.verb:set package 'velodyne_gazebo_plugins' build argument 'catkin_cmake_args' from command line to 'None'
[0.258s] Level 5:colcon.colcon_core.verb:set package 'velodyne_gazebo_plugins' build argument 'catkin_skip_building_tests' from command line to 'False'
[0.258s] DEBUG:colcon.colcon_core.verb:Building package 'velodyne_gazebo_plugins' with the following arguments: {'ament_cmake_args': None, 'build_base': '/home/zyy/robot_yang/build/velodyne_gazebo_plugins', 'catkin_cmake_args': None, 'catkin_skip_building_tests': False, 'cmake_args': None, 'cmake_clean_cache': False, 'cmake_clean_first': False, 'cmake_force_configure': False, 'cmake_target': None, 'cmake_target_skip_unavailable': False, 'install_base': '/home/zyy/robot_yang/install/velodyne_gazebo_plugins', 'merge_install': False, 'path': '/home/zyy/robot_yang/src/velodyne_simulator/velodyne_gazebo_plugins', 'symlink_install': False, 'test_result_base': None}
[0.258s] Level 5:colcon.colcon_core.verb:set package 'velodyne_simulator' build argument 'cmake_args' from command line to 'None'
[0.258s] Level 5:colcon.colcon_core.verb:set package 'velodyne_simulator' build argument 'cmake_target' from command line to 'None'
[0.258s] Level 5:colcon.colcon_core.verb:set package 'velodyne_simulator' build argument 'cmake_target_skip_unavailable' from command line to 'False'
[0.258s] Level 5:colcon.colcon_core.verb:set package 'velodyne_simulator' build argument 'cmake_clean_cache' from command line to 'False'
[0.258s] Level 5:colcon.colcon_core.verb:set package 'velodyne_simulator' build argument 'cmake_clean_first' from command line to 'False'
[0.258s] Level 5:colcon.colcon_core.verb:set package 'velodyne_simulator' build argument 'cmake_force_configure' from command line to 'False'
[0.258s] Level 5:colcon.colcon_core.verb:set package 'velodyne_simulator' build argument 'ament_cmake_args' from command line to 'None'
[0.258s] Level 5:colcon.colcon_core.verb:set package 'velodyne_simulator' build argument 'catkin_cmake_args' from command line to 'None'
[0.258s] Level 5:colcon.colcon_core.verb:set package 'velodyne_simulator' build argument 'catkin_skip_building_tests' from command line to 'False'
[0.258s] DEBUG:colcon.colcon_core.verb:Building package 'velodyne_simulator' with the following arguments: {'ament_cmake_args': None, 'build_base': '/home/zyy/robot_yang/build/velodyne_simulator', 'catkin_cmake_args': None, 'catkin_skip_building_tests': False, 'cmake_args': None, 'cmake_clean_cache': False, 'cmake_clean_first': False, 'cmake_force_configure': False, 'cmake_target': None, 'cmake_target_skip_unavailable': False, 'install_base': '/home/zyy/robot_yang/install/velodyne_simulator', 'merge_install': False, 'path': '/home/zyy/robot_yang/src/velodyne_simulator/velodyne_simulator', 'symlink_install': False, 'test_result_base': None}
[0.258s] INFO:colcon.colcon_core.executor:Executing jobs using 'parallel' executor
[0.259s] DEBUG:colcon.colcon_parallel_executor.executor.parallel:run_until_complete
[0.259s] INFO:colcon.colcon_ros.task.ament_cmake.build:Building ROS package in '/home/zyy/robot_yang/src/velodyne_simulator/velodyne_description' with build type 'ament_cmake'
[0.259s] INFO:colcon.colcon_cmake.task.cmake.build:Building CMake package in '/home/zyy/robot_yang/src/velodyne_simulator/velodyne_description'
[0.260s] INFO:colcon.colcon_core.plugin_system:Skipping extension 'colcon_core.shell.bat': Not used on non-Windows systems
[0.260s] INFO:colcon.colcon_core.shell:Skip shell extension 'powershell' for command environment: Not usable outside of PowerShell
[0.260s] DEBUG:colcon.colcon_core.shell:Skip shell extension 'dsv' for command environment
[0.262s] INFO:colcon.colcon_ros.task.ament_cmake.build:Building ROS package in '/home/zyy/robot_yang/src/velodyne_simulator/velodyne_gazebo_plugins' with build type 'ament_cmake'
[0.262s] INFO:colcon.colcon_cmake.task.cmake.build:Building CMake package in '/home/zyy/robot_yang/src/velodyne_simulator/velodyne_gazebo_plugins'
[0.262s] INFO:colcon.colcon_core.shell:Skip shell extension 'powershell' for command environment: Not usable outside of PowerShell
[0.262s] DEBUG:colcon.colcon_core.shell:Skip shell extension 'dsv' for command environment
[0.264s] INFO:colcon.colcon_ros.task.ament_cmake.build:Building ROS package in '/home/zyy/robot_yang/src/carlike_robot_description' with build type 'ament_cmake'
[0.264s] INFO:colcon.colcon_cmake.task.cmake.build:Building CMake package in '/home/zyy/robot_yang/src/carlike_robot_description'
[0.264s] INFO:colcon.colcon_core.shell:Skip shell extension 'powershell' for command environment: Not usable outside of PowerShell
[0.264s] DEBUG:colcon.colcon_core.shell:Skip shell extension 'dsv' for command environment
[0.268s] DEBUG:colcon.colcon_core.event_handler.log_command:Invoking command in '/home/zyy/robot_yang/build/velodyne_description': CMAKE_PREFIX_PATH=/opt/ros/humble /usr/bin/cmake /home/zyy/robot_yang/src/velodyne_simulator/velodyne_description -DCMAKE_INSTALL_PREFIX=/home/zyy/robot_yang/install/velodyne_description
[0.270s] DEBUG:colcon.colcon_core.event_handler.log_command:Invoking command in '/home/zyy/robot_yang/build/velodyne_gazebo_plugins': CMAKE_PREFIX_PATH=/opt/ros/humble /usr/bin/cmake /home/zyy/robot_yang/src/velodyne_simulator/velodyne_gazebo_plugins -DCMAKE_INSTALL_PREFIX=/home/zyy/robot_yang/install/velodyne_gazebo_plugins
[0.273s] DEBUG:colcon.colcon_core.event_handler.log_command:Invoking command in '/home/zyy/robot_yang/build/carlike_robot_description': CMAKE_PREFIX_PATH=/opt/ros/humble /usr/bin/cmake /home/zyy/robot_yang/src/carlike_robot_description -DCMAKE_INSTALL_PREFIX=/home/zyy/robot_yang/install/carlike_robot_description
[0.657s] DEBUG:colcon.colcon_core.event_handler.log_command:Invoked command in '/home/zyy/robot_yang/build/velodyne_description' returned '0': CMAKE_PREFIX_PATH=/opt/ros/humble /usr/bin/cmake /home/zyy/robot_yang/src/velodyne_simulator/velodyne_description -DCMAKE_INSTALL_PREFIX=/home/zyy/robot_yang/install/velodyne_description
[0.658s] DEBUG:colcon.colcon_core.event_handler.log_command:Invoking command in '/home/zyy/robot_yang/build/velodyne_description': CMAKE_PREFIX_PATH=/opt/ros/humble /usr/bin/cmake --build /home/zyy/robot_yang/build/velodyne_description -- -j16 -l16
[0.668s] DEBUG:colcon.colcon_core.event_handler.log_command:Invoked command in '/home/zyy/robot_yang/build/carlike_robot_description' returned '0': CMAKE_PREFIX_PATH=/opt/ros/humble /usr/bin/cmake /home/zyy/robot_yang/src/carlike_robot_description -DCMAKE_INSTALL_PREFIX=/home/zyy/robot_yang/install/carlike_robot_description
[0.669s] DEBUG:colcon.colcon_core.event_handler.log_command:Invoking command in '/home/zyy/robot_yang/build/carlike_robot_description': CMAKE_PREFIX_PATH=/opt/ros/humble /usr/bin/cmake --build /home/zyy/robot_yang/build/carlike_robot_description -- -j16 -l16
[0.683s] DEBUG:colcon.colcon_core.event_handler.log_command:Invoked command in '/home/zyy/robot_yang/build/velodyne_description' returned '0': CMAKE_PREFIX_PATH=/opt/ros/humble /usr/bin/cmake --build /home/zyy/robot_yang/build/velodyne_description -- -j16 -l16
[0.690s] DEBUG:colcon.colcon_core.event_handler.log_command:Invoking command in '/home/zyy/robot_yang/build/velodyne_description': CMAKE_PREFIX_PATH=/opt/ros/humble /usr/bin/cmake --install /home/zyy/robot_yang/build/velodyne_description
[0.695s] DEBUG:colcon.colcon_core.event_handler.log_command:Invoked command in '/home/zyy/robot_yang/build/carlike_robot_description' returned '0': CMAKE_PREFIX_PATH=/opt/ros/humble /usr/bin/cmake --build /home/zyy/robot_yang/build/carlike_robot_description -- -j16 -l16
[0.697s] DEBUG:colcon.colcon_core.event_handler.log_command:Invoking command in '/home/zyy/robot_yang/build/carlike_robot_description': CMAKE_PREFIX_PATH=/opt/ros/humble /usr/bin/cmake --install /home/zyy/robot_yang/build/carlike_robot_description
[0.697s] Level 1:colcon.colcon_core.environment:create_environment_scripts_only(velodyne_description)
[0.697s] DEBUG:colcon.colcon_core.event_handler.log_command:Invoked command in '/home/zyy/robot_yang/build/velodyne_description' returned '0': CMAKE_PREFIX_PATH=/opt/ros/humble /usr/bin/cmake --install /home/zyy/robot_yang/build/velodyne_description
[0.699s] Level 1:colcon.colcon_core.environment:checking '/home/zyy/robot_yang/install/velodyne_description' for CMake module files
[0.699s] Level 1:colcon.colcon_core.environment:checking '/home/zyy/robot_yang/install/velodyne_description' for CMake config files
[0.699s] Level 1:colcon.colcon_core.shell:create_environment_hook('velodyne_description', 'cmake_prefix_path')
[0.700s] INFO:colcon.colcon_core.shell:Creating environment hook '/home/zyy/robot_yang/install/velodyne_description/share/velodyne_description/hook/cmake_prefix_path.ps1'
[0.701s] INFO:colcon.colcon_core.shell:Creating environment descriptor '/home/zyy/robot_yang/install/velodyne_description/share/velodyne_description/hook/cmake_prefix_path.dsv'
[0.701s] INFO:colcon.colcon_core.shell:Creating environment hook '/home/zyy/robot_yang/install/velodyne_description/share/velodyne_description/hook/cmake_prefix_path.sh'
[0.703s] Level 1:colcon.colcon_core.environment:checking '/home/zyy/robot_yang/install/velodyne_description/bin'
[0.704s] Level 1:colcon.colcon_core.environment:checking '/home/zyy/robot_yang/install/velodyne_description/lib/pkgconfig/velodyne_description.pc'
[0.704s] Level 1:colcon.colcon_core.environment:checking '/home/zyy/robot_yang/install/velodyne_description/lib/python3.10/site-packages'
[0.704s] Level 1:colcon.colcon_core.environment:checking '/home/zyy/robot_yang/install/velodyne_description/bin'
[0.704s] INFO:colcon.colcon_core.shell:Creating package script '/home/zyy/robot_yang/install/velodyne_description/share/velodyne_description/package.ps1'
[0.706s] INFO:colcon.colcon_core.shell:Creating package descriptor '/home/zyy/robot_yang/install/velodyne_description/share/velodyne_description/package.dsv'
[0.706s] INFO:colcon.colcon_core.shell:Creating package script '/home/zyy/robot_yang/install/velodyne_description/share/velodyne_description/package.sh'
[0.707s] INFO:colcon.colcon_core.shell:Creating package script '/home/zyy/robot_yang/install/velodyne_description/share/velodyne_description/package.bash'
[0.707s] INFO:colcon.colcon_core.shell:Creating package script '/home/zyy/robot_yang/install/velodyne_description/share/velodyne_description/package.zsh'
[0.707s] Level 1:colcon.colcon_core.environment:create_file_with_runtime_dependencies(/home/zyy/robot_yang/install/velodyne_description/share/colcon-core/packages/velodyne_description)
[0.708s] Level 1:colcon.colcon_core.environment:create_environment_scripts_only(velodyne_description)
[0.708s] Level 1:colcon.colcon_core.environment:checking '/home/zyy/robot_yang/install/velodyne_description' for CMake module files
[0.708s] Level 1:colcon.colcon_core.environment:checking '/home/zyy/robot_yang/install/velodyne_description' for CMake config files
[0.709s] Level 1:colcon.colcon_core.shell:create_environment_hook('velodyne_description', 'cmake_prefix_path')
[0.709s] INFO:colcon.colcon_core.shell:Creating environment hook '/home/zyy/robot_yang/install/velodyne_description/share/velodyne_description/hook/cmake_prefix_path.ps1'
[0.709s] INFO:colcon.colcon_core.shell:Creating environment descriptor '/home/zyy/robot_yang/install/velodyne_description/share/velodyne_description/hook/cmake_prefix_path.dsv'
[0.709s] INFO:colcon.colcon_core.shell:Creating environment hook '/home/zyy/robot_yang/install/velodyne_description/share/velodyne_description/hook/cmake_prefix_path.sh'
[0.710s] Level 1:colcon.colcon_core.environment:checking '/home/zyy/robot_yang/install/velodyne_description/bin'
[0.710s] Level 1:colcon.colcon_core.environment:checking '/home/zyy/robot_yang/install/velodyne_description/lib/pkgconfig/velodyne_description.pc'
[0.710s] Level 1:colcon.colcon_core.environment:checking '/home/zyy/robot_yang/install/velodyne_description/lib/python3.10/site-packages'
[0.710s] Level 1:colcon.colcon_core.environment:checking '/home/zyy/robot_yang/install/velodyne_description/bin'
[0.710s] INFO:colcon.colcon_core.shell:Creating package script '/home/zyy/robot_yang/install/velodyne_description/share/velodyne_description/package.ps1'
[0.710s] INFO:colcon.colcon_core.shell:Creating package descriptor '/home/zyy/robot_yang/install/velodyne_description/share/velodyne_description/package.dsv'
[0.711s] INFO:colcon.colcon_core.shell:Creating package script '/home/zyy/robot_yang/install/velodyne_description/share/velodyne_description/package.sh'
[0.711s] INFO:colcon.colcon_core.shell:Creating package script '/home/zyy/robot_yang/install/velodyne_description/share/velodyne_description/package.bash'
[0.711s] INFO:colcon.colcon_core.shell:Creating package script '/home/zyy/robot_yang/install/velodyne_description/share/velodyne_description/package.zsh'
[0.712s] Level 1:colcon.colcon_core.environment:create_file_with_runtime_dependencies(/home/zyy/robot_yang/install/velodyne_description/share/colcon-core/packages/velodyne_description)
[0.712s] Level 1:colcon.colcon_core.environment:create_environment_scripts_only(carlike_robot_description)
[0.713s] Level 1:colcon.colcon_core.environment:checking '/home/zyy/robot_yang/install/carlike_robot_description' for CMake module files
[0.713s] DEBUG:colcon.colcon_core.event_handler.log_command:Invoked command in '/home/zyy/robot_yang/build/carlike_robot_description' returned '0': CMAKE_PREFIX_PATH=/opt/ros/humble /usr/bin/cmake --install /home/zyy/robot_yang/build/carlike_robot_description
[0.713s] Level 1:colcon.colcon_core.environment:checking '/home/zyy/robot_yang/install/carlike_robot_description' for CMake config files
[0.713s] Level 1:colcon.colcon_core.shell:create_environment_hook('carlike_robot_description', 'cmake_prefix_path')
[0.713s] INFO:colcon.colcon_core.shell:Creating environment hook '/home/zyy/robot_yang/install/carlike_robot_description/share/carlike_robot_description/hook/cmake_prefix_path.ps1'
[0.714s] INFO:colcon.colcon_core.shell:Creating environment descriptor '/home/zyy/robot_yang/install/carlike_robot_description/share/carlike_robot_description/hook/cmake_prefix_path.dsv'
[0.714s] INFO:colcon.colcon_core.shell:Creating environment hook '/home/zyy/robot_yang/install/carlike_robot_description/share/carlike_robot_description/hook/cmake_prefix_path.sh'
[0.714s] Level 1:colcon.colcon_core.environment:checking '/home/zyy/robot_yang/install/carlike_robot_description/bin'
[0.714s] Level 1:colcon.colcon_core.environment:checking '/home/zyy/robot_yang/install/carlike_robot_description/lib/pkgconfig/carlike_robot_description.pc'
[0.714s] Level 1:colcon.colcon_core.environment:checking '/home/zyy/robot_yang/install/carlike_robot_description/lib/python3.10/site-packages'
[0.714s] Level 1:colcon.colcon_core.environment:checking '/home/zyy/robot_yang/install/carlike_robot_description/bin'
[0.715s] INFO:colcon.colcon_core.shell:Creating package script '/home/zyy/robot_yang/install/carlike_robot_description/share/carlike_robot_description/package.ps1'
[0.715s] INFO:colcon.colcon_core.shell:Creating package descriptor '/home/zyy/robot_yang/install/carlike_robot_description/share/carlike_robot_description/package.dsv'
[0.715s] INFO:colcon.colcon_core.shell:Creating package script '/home/zyy/robot_yang/install/carlike_robot_description/share/carlike_robot_description/package.sh'
[0.715s] INFO:colcon.colcon_core.shell:Creating package script '/home/zyy/robot_yang/install/carlike_robot_description/share/carlike_robot_description/package.bash'
[0.716s] INFO:colcon.colcon_core.shell:Creating package script '/home/zyy/robot_yang/install/carlike_robot_description/share/carlike_robot_description/package.zsh'
[0.716s] Level 1:colcon.colcon_core.environment:create_file_with_runtime_dependencies(/home/zyy/robot_yang/install/carlike_robot_description/share/colcon-core/packages/carlike_robot_description)
[0.716s] Level 1:colcon.colcon_core.environment:create_environment_scripts_only(carlike_robot_description)
[0.716s] Level 1:colcon.colcon_core.environment:checking '/home/zyy/robot_yang/install/carlike_robot_description' for CMake module files
[0.717s] Level 1:colcon.colcon_core.environment:checking '/home/zyy/robot_yang/install/carlike_robot_description' for CMake config files
[0.717s] Level 1:colcon.colcon_core.shell:create_environment_hook('carlike_robot_description', 'cmake_prefix_path')
[0.717s] INFO:colcon.colcon_core.shell:Creating environment hook '/home/zyy/robot_yang/install/carlike_robot_description/share/carlike_robot_description/hook/cmake_prefix_path.ps1'
[0.717s] INFO:colcon.colcon_core.shell:Creating environment descriptor '/home/zyy/robot_yang/install/carlike_robot_description/share/carlike_robot_description/hook/cmake_prefix_path.dsv'
[0.717s] INFO:colcon.colcon_core.shell:Creating environment hook '/home/zyy/robot_yang/install/carlike_robot_description/share/carlike_robot_description/hook/cmake_prefix_path.sh'
[0.718s] Level 1:colcon.colcon_core.environment:checking '/home/zyy/robot_yang/install/carlike_robot_description/bin'
[0.718s] Level 1:colcon.colcon_core.environment:checking '/home/zyy/robot_yang/install/carlike_robot_description/lib/pkgconfig/carlike_robot_description.pc'
[0.718s] Level 1:colcon.colcon_core.environment:checking '/home/zyy/robot_yang/install/carlike_robot_description/lib/python3.10/site-packages'
[0.718s] Level 1:colcon.colcon_core.environment:checking '/home/zyy/robot_yang/install/carlike_robot_description/bin'
[0.718s] INFO:colcon.colcon_core.shell:Creating package script '/home/zyy/robot_yang/install/carlike_robot_description/share/carlike_robot_description/package.ps1'
[0.718s] INFO:colcon.colcon_core.shell:Creating package descriptor '/home/zyy/robot_yang/install/carlike_robot_description/share/carlike_robot_description/package.dsv'
[0.719s] INFO:colcon.colcon_core.shell:Creating package script '/home/zyy/robot_yang/install/carlike_robot_description/share/carlike_robot_description/package.sh'
[0.719s] INFO:colcon.colcon_core.shell:Creating package script '/home/zyy/robot_yang/install/carlike_robot_description/share/carlike_robot_description/package.bash'
[0.719s] INFO:colcon.colcon_core.shell:Creating package script '/home/zyy/robot_yang/install/carlike_robot_description/share/carlike_robot_description/package.zsh'
[0.719s] Level 1:colcon.colcon_core.environment:create_file_with_runtime_dependencies(/home/zyy/robot_yang/install/carlike_robot_description/share/colcon-core/packages/carlike_robot_description)
[1.638s] DEBUG:colcon.colcon_core.event_handler.log_command:Invoked command in '/home/zyy/robot_yang/build/velodyne_gazebo_plugins' returned '0': CMAKE_PREFIX_PATH=/opt/ros/humble /usr/bin/cmake /home/zyy/robot_yang/src/velodyne_simulator/velodyne_gazebo_plugins -DCMAKE_INSTALL_PREFIX=/home/zyy/robot_yang/install/velodyne_gazebo_plugins
[1.639s] DEBUG:colcon.colcon_core.event_handler.log_command:Invoking command in '/home/zyy/robot_yang/build/velodyne_gazebo_plugins': CMAKE_PREFIX_PATH=/opt/ros/humble /usr/bin/cmake --build /home/zyy/robot_yang/build/velodyne_gazebo_plugins -- -j16 -l16
[12.083s] DEBUG:colcon.colcon_core.event_handler.log_command:Invoked command in '/home/zyy/robot_yang/build/velodyne_gazebo_plugins' returned '0': CMAKE_PREFIX_PATH=/opt/ros/humble /usr/bin/cmake --build /home/zyy/robot_yang/build/velodyne_gazebo_plugins -- -j16 -l16
[12.085s] DEBUG:colcon.colcon_core.event_handler.log_command:Invoking command in '/home/zyy/robot_yang/build/velodyne_gazebo_plugins': CMAKE_PREFIX_PATH=/opt/ros/humble /usr/bin/cmake --install /home/zyy/robot_yang/build/velodyne_gazebo_plugins
[12.093s] Level 1:colcon.colcon_core.environment:create_environment_scripts_only(velodyne_gazebo_plugins)
[12.093s] Level 1:colcon.colcon_core.environment:checking '/home/zyy/robot_yang/install/velodyne_gazebo_plugins' for CMake module files
[12.094s] DEBUG:colcon.colcon_core.event_handler.log_command:Invoked command in '/home/zyy/robot_yang/build/velodyne_gazebo_plugins' returned '0': CMAKE_PREFIX_PATH=/opt/ros/humble /usr/bin/cmake --install /home/zyy/robot_yang/build/velodyne_gazebo_plugins
[12.094s] Level 1:colcon.colcon_core.environment:checking '/home/zyy/robot_yang/install/velodyne_gazebo_plugins' for CMake config files
[12.094s] Level 1:colcon.colcon_core.shell:create_environment_hook('velodyne_gazebo_plugins', 'cmake_prefix_path')
[12.094s] INFO:colcon.colcon_core.shell:Creating environment hook '/home/zyy/robot_yang/install/velodyne_gazebo_plugins/share/velodyne_gazebo_plugins/hook/cmake_prefix_path.ps1'
[12.095s] INFO:colcon.colcon_core.shell:Creating environment descriptor '/home/zyy/robot_yang/install/velodyne_gazebo_plugins/share/velodyne_gazebo_plugins/hook/cmake_prefix_path.dsv'
[12.095s] INFO:colcon.colcon_core.shell:Creating environment hook '/home/zyy/robot_yang/install/velodyne_gazebo_plugins/share/velodyne_gazebo_plugins/hook/cmake_prefix_path.sh'
[12.095s] Level 1:colcon.colcon_core.environment:checking '/home/zyy/robot_yang/install/velodyne_gazebo_plugins/lib'
[12.095s] Level 1:colcon.colcon_core.shell:create_environment_hook('velodyne_gazebo_plugins', 'ld_library_path_lib')
[12.095s] INFO:colcon.colcon_core.shell:Creating environment hook '/home/zyy/robot_yang/install/velodyne_gazebo_plugins/share/velodyne_gazebo_plugins/hook/ld_library_path_lib.ps1'
[12.096s] INFO:colcon.colcon_core.shell:Creating environment descriptor '/home/zyy/robot_yang/install/velodyne_gazebo_plugins/share/velodyne_gazebo_plugins/hook/ld_library_path_lib.dsv'
[12.096s] INFO:colcon.colcon_core.shell:Creating environment hook '/home/zyy/robot_yang/install/velodyne_gazebo_plugins/share/velodyne_gazebo_plugins/hook/ld_library_path_lib.sh'
[12.096s] Level 1:colcon.colcon_core.environment:checking '/home/zyy/robot_yang/install/velodyne_gazebo_plugins/bin'
[12.096s] Level 1:colcon.colcon_core.environment:checking '/home/zyy/robot_yang/install/velodyne_gazebo_plugins/lib/pkgconfig/velodyne_gazebo_plugins.pc'
[12.096s] Level 1:colcon.colcon_core.environment:checking '/home/zyy/robot_yang/install/velodyne_gazebo_plugins/lib/python3.10/site-packages'
[12.096s] Level 1:colcon.colcon_core.environment:checking '/home/zyy/robot_yang/install/velodyne_gazebo_plugins/bin'
[12.096s] INFO:colcon.colcon_core.shell:Creating package script '/home/zyy/robot_yang/install/velodyne_gazebo_plugins/share/velodyne_gazebo_plugins/package.ps1'
[12.097s] INFO:colcon.colcon_core.shell:Creating package descriptor '/home/zyy/robot_yang/install/velodyne_gazebo_plugins/share/velodyne_gazebo_plugins/package.dsv'
[12.097s] INFO:colcon.colcon_core.shell:Creating package script '/home/zyy/robot_yang/install/velodyne_gazebo_plugins/share/velodyne_gazebo_plugins/package.sh'
[12.097s] INFO:colcon.colcon_core.shell:Creating package script '/home/zyy/robot_yang/install/velodyne_gazebo_plugins/share/velodyne_gazebo_plugins/package.bash'
[12.097s] INFO:colcon.colcon_core.shell:Creating package script '/home/zyy/robot_yang/install/velodyne_gazebo_plugins/share/velodyne_gazebo_plugins/package.zsh'
[12.098s] Level 1:colcon.colcon_core.environment:create_file_with_runtime_dependencies(/home/zyy/robot_yang/install/velodyne_gazebo_plugins/share/colcon-core/packages/velodyne_gazebo_plugins)
[12.098s] Level 1:colcon.colcon_core.environment:create_environment_scripts_only(velodyne_gazebo_plugins)
[12.098s] Level 1:colcon.colcon_core.environment:checking '/home/zyy/robot_yang/install/velodyne_gazebo_plugins' for CMake module files
[12.098s] Level 1:colcon.colcon_core.environment:checking '/home/zyy/robot_yang/install/velodyne_gazebo_plugins' for CMake config files
[12.098s] Level 1:colcon.colcon_core.shell:create_environment_hook('velodyne_gazebo_plugins', 'cmake_prefix_path')
[12.098s] INFO:colcon.colcon_core.shell:Creating environment hook '/home/zyy/robot_yang/install/velodyne_gazebo_plugins/share/velodyne_gazebo_plugins/hook/cmake_prefix_path.ps1'
[12.099s] INFO:colcon.colcon_core.shell:Creating environment descriptor '/home/zyy/robot_yang/install/velodyne_gazebo_plugins/share/velodyne_gazebo_plugins/hook/cmake_prefix_path.dsv'
[12.099s] INFO:colcon.colcon_core.shell:Creating environment hook '/home/zyy/robot_yang/install/velodyne_gazebo_plugins/share/velodyne_gazebo_plugins/hook/cmake_prefix_path.sh'
[12.099s] Level 1:colcon.colcon_core.environment:checking '/home/zyy/robot_yang/install/velodyne_gazebo_plugins/lib'
[12.099s] Level 1:colcon.colcon_core.shell:create_environment_hook('velodyne_gazebo_plugins', 'ld_library_path_lib')
[12.099s] INFO:colcon.colcon_core.shell:Creating environment hook '/home/zyy/robot_yang/install/velodyne_gazebo_plugins/share/velodyne_gazebo_plugins/hook/ld_library_path_lib.ps1'
[12.100s] INFO:colcon.colcon_core.shell:Creating environment descriptor '/home/zyy/robot_yang/install/velodyne_gazebo_plugins/share/velodyne_gazebo_plugins/hook/ld_library_path_lib.dsv'
[12.100s] INFO:colcon.colcon_core.shell:Creating environment hook '/home/zyy/robot_yang/install/velodyne_gazebo_plugins/share/velodyne_gazebo_plugins/hook/ld_library_path_lib.sh'
[12.100s] Level 1:colcon.colcon_core.environment:checking '/home/zyy/robot_yang/install/velodyne_gazebo_plugins/bin'
[12.100s] Level 1:colcon.colcon_core.environment:checking '/home/zyy/robot_yang/install/velodyne_gazebo_plugins/lib/pkgconfig/velodyne_gazebo_plugins.pc'
[12.100s] Level 1:colcon.colcon_core.environment:checking '/home/zyy/robot_yang/install/velodyne_gazebo_plugins/lib/python3.10/site-packages'
[12.100s] Level 1:colcon.colcon_core.environment:checking '/home/zyy/robot_yang/install/velodyne_gazebo_plugins/bin'
[12.101s] INFO:colcon.colcon_core.shell:Creating package script '/home/zyy/robot_yang/install/velodyne_gazebo_plugins/share/velodyne_gazebo_plugins/package.ps1'
[12.101s] INFO:colcon.colcon_core.shell:Creating package descriptor '/home/zyy/robot_yang/install/velodyne_gazebo_plugins/share/velodyne_gazebo_plugins/package.dsv'
[12.101s] INFO:colcon.colcon_core.shell:Creating package script '/home/zyy/robot_yang/install/velodyne_gazebo_plugins/share/velodyne_gazebo_plugins/package.sh'
[12.101s] INFO:colcon.colcon_core.shell:Creating package script '/home/zyy/robot_yang/install/velodyne_gazebo_plugins/share/velodyne_gazebo_plugins/package.bash'
[12.102s] INFO:colcon.colcon_core.shell:Creating package script '/home/zyy/robot_yang/install/velodyne_gazebo_plugins/share/velodyne_gazebo_plugins/package.zsh'
[12.102s] Level 1:colcon.colcon_core.environment:create_file_with_runtime_dependencies(/home/zyy/robot_yang/install/velodyne_gazebo_plugins/share/colcon-core/packages/velodyne_gazebo_plugins)
[12.102s] INFO:colcon.colcon_ros.task.ament_cmake.build:Building ROS package in '/home/zyy/robot_yang/src/velodyne_simulator/velodyne_simulator' with build type 'ament_cmake'
[12.102s] INFO:colcon.colcon_cmake.task.cmake.build:Building CMake package in '/home/zyy/robot_yang/src/velodyne_simulator/velodyne_simulator'
[12.102s] INFO:colcon.colcon_core.shell:Skip shell extension 'powershell' for command environment: Not usable outside of PowerShell
[12.102s] DEBUG:colcon.colcon_core.shell:Skip shell extension 'dsv' for command environment
[12.109s] DEBUG:colcon.colcon_core.event_handler.log_command:Invoking command in '/home/zyy/robot_yang/build/velodyne_simulator': AMENT_PREFIX_PATH=/home/zyy/robot_yang/install/velodyne_gazebo_plugins:/home/zyy/robot_yang/install/velodyne_description:${AMENT_PREFIX_PATH} CMAKE_PREFIX_PATH=/home/zyy/robot_yang/install/velodyne_gazebo_plugins:/home/zyy/robot_yang/install/velodyne_description:/opt/ros/humble LD_LIBRARY_PATH=/home/zyy/robot_yang/install/velodyne_gazebo_plugins/lib:${LD_LIBRARY_PATH} /usr/bin/cmake /home/zyy/robot_yang/src/velodyne_simulator/velodyne_simulator -DCMAKE_INSTALL_PREFIX=/home/zyy/robot_yang/install/velodyne_simulator
[12.481s] DEBUG:colcon.colcon_core.event_handler.log_command:Invoked command in '/home/zyy/robot_yang/build/velodyne_simulator' returned '0': AMENT_PREFIX_PATH=/home/zyy/robot_yang/install/velodyne_gazebo_plugins:/home/zyy/robot_yang/install/velodyne_description:${AMENT_PREFIX_PATH} CMAKE_PREFIX_PATH=/home/zyy/robot_yang/install/velodyne_gazebo_plugins:/home/zyy/robot_yang/install/velodyne_description:/opt/ros/humble LD_LIBRARY_PATH=/home/zyy/robot_yang/install/velodyne_gazebo_plugins/lib:${LD_LIBRARY_PATH} /usr/bin/cmake /home/zyy/robot_yang/src/velodyne_simulator/velodyne_simulator -DCMAKE_INSTALL_PREFIX=/home/zyy/robot_yang/install/velodyne_simulator
[12.482s] DEBUG:colcon.colcon_core.event_handler.log_command:Invoking command in '/home/zyy/robot_yang/build/velodyne_simulator': AMENT_PREFIX_PATH=/home/zyy/robot_yang/install/velodyne_gazebo_plugins:/home/zyy/robot_yang/install/velodyne_description:${AMENT_PREFIX_PATH} CMAKE_PREFIX_PATH=/home/zyy/robot_yang/install/velodyne_gazebo_plugins:/home/zyy/robot_yang/install/velodyne_description:/opt/ros/humble LD_LIBRARY_PATH=/home/zyy/robot_yang/install/velodyne_gazebo_plugins/lib:${LD_LIBRARY_PATH} /usr/bin/cmake --build /home/zyy/robot_yang/build/velodyne_simulator -- -j16 -l16
[12.505s] DEBUG:colcon.colcon_core.event_handler.log_command:Invoked command in '/home/zyy/robot_yang/build/velodyne_simulator' returned '0': AMENT_PREFIX_PATH=/home/zyy/robot_yang/install/velodyne_gazebo_plugins:/home/zyy/robot_yang/install/velodyne_description:${AMENT_PREFIX_PATH} CMAKE_PREFIX_PATH=/home/zyy/robot_yang/install/velodyne_gazebo_plugins:/home/zyy/robot_yang/install/velodyne_description:/opt/ros/humble LD_LIBRARY_PATH=/home/zyy/robot_yang/install/velodyne_gazebo_plugins/lib:${LD_LIBRARY_PATH} /usr/bin/cmake --build /home/zyy/robot_yang/build/velodyne_simulator -- -j16 -l16
[12.507s] DEBUG:colcon.colcon_core.event_handler.log_command:Invoking command in '/home/zyy/robot_yang/build/velodyne_simulator': AMENT_PREFIX_PATH=/home/zyy/robot_yang/install/velodyne_gazebo_plugins:/home/zyy/robot_yang/install/velodyne_description:${AMENT_PREFIX_PATH} CMAKE_PREFIX_PATH=/home/zyy/robot_yang/install/velodyne_gazebo_plugins:/home/zyy/robot_yang/install/velodyne_description:/opt/ros/humble LD_LIBRARY_PATH=/home/zyy/robot_yang/install/velodyne_gazebo_plugins/lib:${LD_LIBRARY_PATH} /usr/bin/cmake --install /home/zyy/robot_yang/build/velodyne_simulator
[12.514s] Level 1:colcon.colcon_core.environment:create_environment_scripts_only(velodyne_simulator)
[12.514s] Level 1:colcon.colcon_core.environment:checking '/home/zyy/robot_yang/install/velodyne_simulator' for CMake module files
[12.514s] DEBUG:colcon.colcon_core.event_handler.log_command:Invoked command in '/home/zyy/robot_yang/build/velodyne_simulator' returned '0': AMENT_PREFIX_PATH=/home/zyy/robot_yang/install/velodyne_gazebo_plugins:/home/zyy/robot_yang/install/velodyne_description:${AMENT_PREFIX_PATH} CMAKE_PREFIX_PATH=/home/zyy/robot_yang/install/velodyne_gazebo_plugins:/home/zyy/robot_yang/install/velodyne_description:/opt/ros/humble LD_LIBRARY_PATH=/home/zyy/robot_yang/install/velodyne_gazebo_plugins/lib:${LD_LIBRARY_PATH} /usr/bin/cmake --install /home/zyy/robot_yang/build/velodyne_simulator
[12.514s] Level 1:colcon.colcon_core.environment:checking '/home/zyy/robot_yang/install/velodyne_simulator' for CMake config files
[12.515s] Level 1:colcon.colcon_core.shell:create_environment_hook('velodyne_simulator', 'cmake_prefix_path')
[12.515s] INFO:colcon.colcon_core.shell:Creating environment hook '/home/zyy/robot_yang/install/velodyne_simulator/share/velodyne_simulator/hook/cmake_prefix_path.ps1'
[12.515s] INFO:colcon.colcon_core.shell:Creating environment descriptor '/home/zyy/robot_yang/install/velodyne_simulator/share/velodyne_simulator/hook/cmake_prefix_path.dsv'
[12.515s] INFO:colcon.colcon_core.shell:Creating environment hook '/home/zyy/robot_yang/install/velodyne_simulator/share/velodyne_simulator/hook/cmake_prefix_path.sh'
[12.515s] Level 1:colcon.colcon_core.environment:checking '/home/zyy/robot_yang/install/velodyne_simulator/bin'
[12.516s] Level 1:colcon.colcon_core.environment:checking '/home/zyy/robot_yang/install/velodyne_simulator/lib/pkgconfig/velodyne_simulator.pc'
[12.516s] Level 1:colcon.colcon_core.environment:checking '/home/zyy/robot_yang/install/velodyne_simulator/lib/python3.10/site-packages'
[12.516s] Level 1:colcon.colcon_core.environment:checking '/home/zyy/robot_yang/install/velodyne_simulator/bin'
[12.516s] INFO:colcon.colcon_core.shell:Creating package script '/home/zyy/robot_yang/install/velodyne_simulator/share/velodyne_simulator/package.ps1'
[12.516s] INFO:colcon.colcon_core.shell:Creating package descriptor '/home/zyy/robot_yang/install/velodyne_simulator/share/velodyne_simulator/package.dsv'
[12.516s] INFO:colcon.colcon_core.shell:Creating package script '/home/zyy/robot_yang/install/velodyne_simulator/share/velodyne_simulator/package.sh'
[12.517s] INFO:colcon.colcon_core.shell:Creating package script '/home/zyy/robot_yang/install/velodyne_simulator/share/velodyne_simulator/package.bash'
[12.517s] INFO:colcon.colcon_core.shell:Creating package script '/home/zyy/robot_yang/install/velodyne_simulator/share/velodyne_simulator/package.zsh'
[12.517s] Level 1:colcon.colcon_core.environment:create_file_with_runtime_dependencies(/home/zyy/robot_yang/install/velodyne_simulator/share/colcon-core/packages/velodyne_simulator)
[12.517s] Level 1:colcon.colcon_core.environment:create_environment_scripts_only(velodyne_simulator)
[12.517s] Level 1:colcon.colcon_core.environment:checking '/home/zyy/robot_yang/install/velodyne_simulator' for CMake module files
[12.518s] Level 1:colcon.colcon_core.environment:checking '/home/zyy/robot_yang/install/velodyne_simulator' for CMake config files
[12.518s] Level 1:colcon.colcon_core.shell:create_environment_hook('velodyne_simulator', 'cmake_prefix_path')
[12.518s] INFO:colcon.colcon_core.shell:Creating environment hook '/home/zyy/robot_yang/install/velodyne_simulator/share/velodyne_simulator/hook/cmake_prefix_path.ps1'
[12.518s] INFO:colcon.colcon_core.shell:Creating environment descriptor '/home/zyy/robot_yang/install/velodyne_simulator/share/velodyne_simulator/hook/cmake_prefix_path.dsv'
[12.518s] INFO:colcon.colcon_core.shell:Creating environment hook '/home/zyy/robot_yang/install/velodyne_simulator/share/velodyne_simulator/hook/cmake_prefix_path.sh'
[12.519s] Level 1:colcon.colcon_core.environment:checking '/home/zyy/robot_yang/install/velodyne_simulator/bin'
[12.519s] Level 1:colcon.colcon_core.environment:checking '/home/zyy/robot_yang/install/velodyne_simulator/lib/pkgconfig/velodyne_simulator.pc'
[12.519s] Level 1:colcon.colcon_core.environment:checking '/home/zyy/robot_yang/install/velodyne_simulator/lib/python3.10/site-packages'
[12.519s] Level 1:colcon.colcon_core.environment:checking '/home/zyy/robot_yang/install/velodyne_simulator/bin'
[12.519s] INFO:colcon.colcon_core.shell:Creating package script '/home/zyy/robot_yang/install/velodyne_simulator/share/velodyne_simulator/package.ps1'
[12.519s] INFO:colcon.colcon_core.shell:Creating package descriptor '/home/zyy/robot_yang/install/velodyne_simulator/share/velodyne_simulator/package.dsv'
[12.520s] INFO:colcon.colcon_core.shell:Creating package script '/home/zyy/robot_yang/install/velodyne_simulator/share/velodyne_simulator/package.sh'
[12.520s] INFO:colcon.colcon_core.shell:Creating package script '/home/zyy/robot_yang/install/velodyne_simulator/share/velodyne_simulator/package.bash'
[12.520s] INFO:colcon.colcon_core.shell:Creating package script '/home/zyy/robot_yang/install/velodyne_simulator/share/velodyne_simulator/package.zsh'
[12.520s] Level 1:colcon.colcon_core.environment:create_file_with_runtime_dependencies(/home/zyy/robot_yang/install/velodyne_simulator/share/colcon-core/packages/velodyne_simulator)
[12.521s] DEBUG:colcon.colcon_parallel_executor.executor.parallel:closing loop
[12.521s] DEBUG:colcon.colcon_parallel_executor.executor.parallel:loop closed
[12.521s] DEBUG:colcon.colcon_parallel_executor.executor.parallel:run_until_complete finished with '0'
[12.521s] DEBUG:colcon.colcon_core.event_reactor:joining thread
[12.524s] INFO:colcon.colcon_core.plugin_system:Skipping extension 'colcon_notification.desktop_notification.terminal_notifier': Not used on non-Darwin systems
[12.524s] INFO:colcon.colcon_core.plugin_system:Skipping extension 'colcon_notification.desktop_notification.win32': Not used on non-Windows systems
[12.524s] INFO:colcon.colcon_notification.desktop_notification:Sending desktop notification using 'notify2'
[12.531s] DEBUG:colcon.colcon_core.event_reactor:joined thread
[12.531s] INFO:colcon.colcon_core.shell:Creating prefix script '/home/zyy/robot_yang/install/local_setup.ps1'
[12.531s] INFO:colcon.colcon_core.shell:Creating prefix util module '/home/zyy/robot_yang/install/_local_setup_util_ps1.py'
[12.533s] INFO:colcon.colcon_core.shell:Creating prefix chain script '/home/zyy/robot_yang/install/setup.ps1'
[12.534s] INFO:colcon.colcon_core.shell:Creating prefix script '/home/zyy/robot_yang/install/local_setup.sh'
[12.534s] INFO:colcon.colcon_core.shell:Creating prefix util module '/home/zyy/robot_yang/install/_local_setup_util_sh.py'
[12.534s] INFO:colcon.colcon_core.shell:Creating prefix chain script '/home/zyy/robot_yang/install/setup.sh'
[12.535s] INFO:colcon.colcon_core.shell:Creating prefix script '/home/zyy/robot_yang/install/local_setup.bash'
[12.535s] INFO:colcon.colcon_core.shell:Creating prefix chain script '/home/zyy/robot_yang/install/setup.bash'
[12.536s] INFO:colcon.colcon_core.shell:Creating prefix script '/home/zyy/robot_yang/install/local_setup.zsh'
[12.536s] INFO:colcon.colcon_core.shell:Creating prefix chain script '/home/zyy/robot_yang/install/setup.zsh'
