[0.009s] Invoking command in '/home/zyy/robot_yang/build/velodyne_description': CMAKE_PREFIX_PATH=/opt/ros/humble /usr/bin/cmake /home/zyy/robot_yang/src/velodyne_simulator/velodyne_description -DCMAKE_INSTALL_PREFIX=/home/zyy/robot_yang/install/velodyne_description
[0.043s] -- The C compiler identification is GNU 11.4.0
[0.077s] -- The CXX compiler identification is GNU 11.4.0
[0.082s] -- Detecting C compiler ABI info
[0.125s] -- Detecting C compiler ABI info - done
[0.129s] -- Check for working C compiler: /usr/bin/cc - skipped
[0.129s] -- Detecting C compile features
[0.130s] -- Detecting C compile features - done
[0.131s] -- Detecting CXX compiler ABI info
[0.183s] -- Detecting CXX compiler ABI info - done
[0.188s] -- Check for working CXX compiler: /usr/bin/c++ - skipped
[0.188s] -- Detecting CXX compile features
[0.188s] -- Detecting CXX compile features - done
[0.189s] -- Found ament_cmake: 1.3.11 (/opt/ros/humble/share/ament_cmake/cmake)
[0.292s] -- Found Python3: /usr/bin/python3 (found version "3.10.12") found components: Interpreter 
[0.393s] -- Configuring done
[0.394s] -- Generating done
[0.395s] -- Build files have been written to: /home/zyy/robot_yang/build/velodyne_description
[0.397s] Invoked command in '/home/zyy/robot_yang/build/velodyne_description' returned '0': CMAKE_PREFIX_PATH=/opt/ros/humble /usr/bin/cmake /home/zyy/robot_yang/src/velodyne_simulator/velodyne_description -DCMAKE_INSTALL_PREFIX=/home/zyy/robot_yang/install/velodyne_description
[0.399s] Invoking command in '/home/zyy/robot_yang/build/velodyne_description': CMAKE_PREFIX_PATH=/opt/ros/humble /usr/bin/cmake --build /home/zyy/robot_yang/build/velodyne_description -- -j16 -l16
[0.424s] Invoked command in '/home/zyy/robot_yang/build/velodyne_description' returned '0': CMAKE_PREFIX_PATH=/opt/ros/humble /usr/bin/cmake --build /home/zyy/robot_yang/build/velodyne_description -- -j16 -l16
[0.430s] Invoking command in '/home/zyy/robot_yang/build/velodyne_description': CMAKE_PREFIX_PATH=/opt/ros/humble /usr/bin/cmake --install /home/zyy/robot_yang/build/velodyne_description
[0.434s] -- Install configuration: ""
[0.434s] -- Installing: /home/zyy/robot_yang/install/velodyne_description/share/velodyne_description/launch
[0.434s] -- Installing: /home/zyy/robot_yang/install/velodyne_description/share/velodyne_description/launch/example.launch.py
[0.434s] -- Installing: /home/zyy/robot_yang/install/velodyne_description/share/velodyne_description/meshes
[0.434s] -- Installing: /home/zyy/robot_yang/install/velodyne_description/share/velodyne_description/meshes/VLP16_scan.dae
[0.434s] -- Installing: /home/zyy/robot_yang/install/velodyne_description/share/velodyne_description/meshes/VLP16_base_2.stl
[0.434s] -- Installing: /home/zyy/robot_yang/install/velodyne_description/share/velodyne_description/meshes/VLP16_base_2.dae
[0.434s] -- Installing: /home/zyy/robot_yang/install/velodyne_description/share/velodyne_description/meshes/HDL32E_base.stl
[0.435s] -- Installing: /home/zyy/robot_yang/install/velodyne_description/share/velodyne_description/meshes/HDL32E_base.dae
[0.435s] -- Installing: /home/zyy/robot_yang/install/velodyne_description/share/velodyne_description/meshes/VLP16_base_1.dae
[0.435s] -- Installing: /home/zyy/robot_yang/install/velodyne_description/share/velodyne_description/meshes/VLP16_base_1.stl
[0.435s] -- Installing: /home/zyy/robot_yang/install/velodyne_description/share/velodyne_description/meshes/HDL32E_scan.dae
[0.435s] -- Installing: /home/zyy/robot_yang/install/velodyne_description/share/velodyne_description/meshes/VLP16_scan.stl
[0.436s] -- Installing: /home/zyy/robot_yang/install/velodyne_description/share/velodyne_description/meshes/HDL32E_scan.stl
[0.436s] -- Installing: /home/zyy/robot_yang/install/velodyne_description/share/velodyne_description/rviz
[0.436s] -- Installing: /home/zyy/robot_yang/install/velodyne_description/share/velodyne_description/rviz/example.rviz
[0.436s] -- Installing: /home/zyy/robot_yang/install/velodyne_description/share/velodyne_description/urdf
[0.436s] -- Installing: /home/zyy/robot_yang/install/velodyne_description/share/velodyne_description/urdf/VLP-16.urdf.xacro
[0.436s] -- Installing: /home/zyy/robot_yang/install/velodyne_description/share/velodyne_description/urdf/example.urdf.xacro
[0.436s] -- Installing: /home/zyy/robot_yang/install/velodyne_description/share/velodyne_description/urdf/HDL-32E.urdf.xacro
[0.436s] -- Installing: /home/zyy/robot_yang/install/velodyne_description/share/velodyne_description/world
[0.436s] -- Installing: /home/zyy/robot_yang/install/velodyne_description/share/velodyne_description/world/example.world
[0.436s] -- Installing: /home/zyy/robot_yang/install/velodyne_description/share/velodyne_description/environment/velodyne_description.dsv
[0.436s] -- Installing: /home/zyy/robot_yang/install/velodyne_description/share/ament_index/resource_index/package_run_dependencies/velodyne_description
[0.436s] -- Installing: /home/zyy/robot_yang/install/velodyne_description/share/ament_index/resource_index/parent_prefix_path/velodyne_description
[0.436s] -- Installing: /home/zyy/robot_yang/install/velodyne_description/share/velodyne_description/environment/ament_prefix_path.sh
[0.436s] -- Installing: /home/zyy/robot_yang/install/velodyne_description/share/velodyne_description/environment/ament_prefix_path.dsv
[0.436s] -- Installing: /home/zyy/robot_yang/install/velodyne_description/share/velodyne_description/environment/path.sh
[0.436s] -- Installing: /home/zyy/robot_yang/install/velodyne_description/share/velodyne_description/environment/path.dsv
[0.436s] -- Installing: /home/zyy/robot_yang/install/velodyne_description/share/velodyne_description/local_setup.bash
[0.436s] -- Installing: /home/zyy/robot_yang/install/velodyne_description/share/velodyne_description/local_setup.sh
[0.436s] -- Installing: /home/zyy/robot_yang/install/velodyne_description/share/velodyne_description/local_setup.zsh
[0.437s] -- Installing: /home/zyy/robot_yang/install/velodyne_description/share/velodyne_description/local_setup.dsv
[0.437s] -- Installing: /home/zyy/robot_yang/install/velodyne_description/share/velodyne_description/package.dsv
[0.437s] -- Installing: /home/zyy/robot_yang/install/velodyne_description/share/ament_index/resource_index/packages/velodyne_description
[0.437s] -- Installing: /home/zyy/robot_yang/install/velodyne_description/share/velodyne_description/cmake/velodyne_descriptionConfig.cmake
[0.437s] -- Installing: /home/zyy/robot_yang/install/velodyne_description/share/velodyne_description/cmake/velodyne_descriptionConfig-version.cmake
[0.437s] -- Installing: /home/zyy/robot_yang/install/velodyne_description/share/velodyne_description/package.xml
[0.438s] Invoked command in '/home/zyy/robot_yang/build/velodyne_description' returned '0': CMAKE_PREFIX_PATH=/opt/ros/humble /usr/bin/cmake --install /home/zyy/robot_yang/build/velodyne_description
