[0.008s] Invoking command in '/home/zyy/robot_yang/build/carlike_robot_description': CMAKE_PREFIX_PATH=/opt/ros/humble /usr/bin/cmake /home/zyy/robot_yang/src/carlike_robot_description -DCMAKE_INSTALL_PREFIX=/home/zyy/robot_yang/install/carlike_robot_description
[0.039s] -- The C compiler identification is GNU 11.4.0
[0.073s] -- The CXX compiler identification is GNU 11.4.0
[0.077s] -- Detecting C compiler ABI info
[0.120s] -- Detecting C compiler ABI info - done
[0.124s] -- Check for working C compiler: /usr/bin/cc - skipped
[0.124s] -- Detecting C compile features
[0.124s] -- Detecting C compile features - done
[0.126s] -- Detecting CXX compiler ABI info
[0.177s] -- Detecting CXX compiler ABI info - done
[0.182s] -- Check for working CXX compiler: /usr/bin/c++ - skipped
[0.182s] -- Detecting CXX compile features
[0.182s] -- Detecting CXX compile features - done
[0.184s] -- Found ament_cmake: 1.3.11 (/opt/ros/humble/share/ament_cmake/cmake)
[0.284s] -- Found Python3: /usr/bin/python3 (found version "3.10.12") found components: Interpreter 
[0.344s] -- Found ament_lint_auto: 0.12.15 (/opt/ros/humble/share/ament_lint_auto/cmake)
[0.395s] -- Added test 'flake8' to check Python code syntax and style conventions
[0.396s] -- Added test 'lint_cmake' to check CMake code style
[0.396s] -- Added test 'pep257' to check Python code against some of the docstring style conventions in PEP 257
[0.396s] -- Added test 'xmllint' to check XML markup files
[0.397s] -- Configuring done
[0.399s] -- Generating done
[0.400s] -- Build files have been written to: /home/zyy/robot_yang/build/carlike_robot_description
[0.404s] Invoked command in '/home/zyy/robot_yang/build/carlike_robot_description' returned '0': CMAKE_PREFIX_PATH=/opt/ros/humble /usr/bin/cmake /home/zyy/robot_yang/src/carlike_robot_description -DCMAKE_INSTALL_PREFIX=/home/zyy/robot_yang/install/carlike_robot_description
[0.405s] Invoking command in '/home/zyy/robot_yang/build/carlike_robot_description': CMAKE_PREFIX_PATH=/opt/ros/humble /usr/bin/cmake --build /home/zyy/robot_yang/build/carlike_robot_description -- -j16 -l16
[0.430s] Invoked command in '/home/zyy/robot_yang/build/carlike_robot_description' returned '0': CMAKE_PREFIX_PATH=/opt/ros/humble /usr/bin/cmake --build /home/zyy/robot_yang/build/carlike_robot_description -- -j16 -l16
[0.432s] Invoking command in '/home/zyy/robot_yang/build/carlike_robot_description': CMAKE_PREFIX_PATH=/opt/ros/humble /usr/bin/cmake --install /home/zyy/robot_yang/build/carlike_robot_description
[0.437s] -- Install configuration: ""
[0.437s] -- Installing: /home/zyy/robot_yang/install/carlike_robot_description/share/carlike_robot_description/launch
[0.437s] -- Installing: /home/zyy/robot_yang/install/carlike_robot_description/share/carlike_robot_description/launch/gazebo_sim.launch.py
[0.438s] -- Installing: /home/zyy/robot_yang/install/carlike_robot_description/share/carlike_robot_description/launch/display_robot.launch.py
[0.438s] -- Installing: /home/zyy/robot_yang/install/carlike_robot_description/share/carlike_robot_description/xacro
[0.438s] -- Installing: /home/zyy/robot_yang/install/carlike_robot_description/share/carlike_robot_description/xacro/car_description.xacro
[0.438s] -- Installing: /home/zyy/robot_yang/install/carlike_robot_description/share/carlike_robot_description/xacro/car_base.xacro
[0.438s] -- Installing: /home/zyy/robot_yang/install/carlike_robot_description/share/carlike_robot_description/xacro/sensors
[0.438s] -- Installing: /home/zyy/robot_yang/install/carlike_robot_description/share/carlike_robot_description/xacro/sensors/VLP-16.xacro
[0.438s] -- Installing: /home/zyy/robot_yang/install/carlike_robot_description/share/carlike_robot_description/xacro/sensors/camera.xacro
[0.438s] -- Installing: /home/zyy/robot_yang/install/carlike_robot_description/share/carlike_robot_description/xacro/sensors/lidar.xacro
[0.438s] -- Installing: /home/zyy/robot_yang/install/carlike_robot_description/share/carlike_robot_description/config
[0.438s] -- Installing: /home/zyy/robot_yang/install/carlike_robot_description/share/carlike_robot_description/config/controllers.yaml
[0.438s] -- Installing: /home/zyy/robot_yang/install/carlike_robot_description/share/carlike_robot_description/config/rviz
[0.438s] -- Installing: /home/zyy/robot_yang/install/carlike_robot_description/share/carlike_robot_description/config/rviz/gazebo_sim.rviz
[0.438s] -- Installing: /home/zyy/robot_yang/install/carlike_robot_description/share/carlike_robot_description/config/rviz/display_model.rviz
[0.438s] -- Installing: /home/zyy/robot_yang/install/carlike_robot_description/share/ament_index/resource_index/package_run_dependencies/carlike_robot_description
[0.438s] -- Installing: /home/zyy/robot_yang/install/carlike_robot_description/share/ament_index/resource_index/parent_prefix_path/carlike_robot_description
[0.438s] -- Installing: /home/zyy/robot_yang/install/carlike_robot_description/share/carlike_robot_description/environment/ament_prefix_path.sh
[0.438s] -- Installing: /home/zyy/robot_yang/install/carlike_robot_description/share/carlike_robot_description/environment/ament_prefix_path.dsv
[0.438s] -- Installing: /home/zyy/robot_yang/install/carlike_robot_description/share/carlike_robot_description/environment/path.sh
[0.438s] -- Installing: /home/zyy/robot_yang/install/carlike_robot_description/share/carlike_robot_description/environment/path.dsv
[0.439s] -- Installing: /home/zyy/robot_yang/install/carlike_robot_description/share/carlike_robot_description/local_setup.bash
[0.439s] -- Installing: /home/zyy/robot_yang/install/carlike_robot_description/share/carlike_robot_description/local_setup.sh
[0.439s] -- Installing: /home/zyy/robot_yang/install/carlike_robot_description/share/carlike_robot_description/local_setup.zsh
[0.439s] -- Installing: /home/zyy/robot_yang/install/carlike_robot_description/share/carlike_robot_description/local_setup.dsv
[0.439s] -- Installing: /home/zyy/robot_yang/install/carlike_robot_description/share/carlike_robot_description/package.dsv
[0.439s] -- Installing: /home/zyy/robot_yang/install/carlike_robot_description/share/ament_index/resource_index/packages/carlike_robot_description
[0.439s] -- Installing: /home/zyy/robot_yang/install/carlike_robot_description/share/carlike_robot_description/cmake/carlike_robot_descriptionConfig.cmake
[0.439s] -- Installing: /home/zyy/robot_yang/install/carlike_robot_description/share/carlike_robot_description/cmake/carlike_robot_descriptionConfig-version.cmake
[0.439s] -- Installing: /home/zyy/robot_yang/install/carlike_robot_description/share/carlike_robot_description/package.xml
[0.449s] Invoked command in '/home/zyy/robot_yang/build/carlike_robot_description' returned '0': CMAKE_PREFIX_PATH=/opt/ros/humble /usr/bin/cmake --install /home/zyy/robot_yang/build/carlike_robot_description
