[0.007s] Invoking command in '/home/zyy/robot_yang/build/velodyne_gazebo_plugins': CMAKE_PREFIX_PATH=/opt/ros/humble /usr/bin/cmake /home/zyy/robot_yang/src/velodyne_simulator/velodyne_gazebo_plugins -DCMAKE_INSTALL_PREFIX=/home/zyy/robot_yang/install/velodyne_gazebo_plugins
[0.041s] -- The C compiler identification is GNU 11.4.0
[0.074s] -- The CXX compiler identification is GNU 11.4.0
[0.079s] -- Detecting C compiler ABI info
[0.121s] -- Detecting C compiler ABI info - done
[0.126s] -- Check for working C compiler: /usr/bin/cc - skipped
[0.126s] -- Detecting C compile features
[0.126s] -- Detecting C compile features - done
[0.128s] -- Detecting CXX compiler ABI info
[0.179s] -- Detecting CXX compiler ABI info - done
[0.184s] -- Check for working CXX compiler: /usr/bin/c++ - skipped
[0.184s] -- Detecting CXX compile features
[0.184s] -- Detecting CXX compile features - done
[0.185s] -- Found ament_cmake: 1.3.11 (/opt/ros/humble/share/ament_cmake/cmake)
[0.286s] -- Found Python3: /usr/bin/python3 (found version "3.10.12") found components: Interpreter 
[0.348s] -- Found gazebo_dev: 3.9.0 (/opt/ros/humble/share/gazebo_dev/cmake)
[0.353s] -- Found PkgConfig: /usr/bin/pkg-config (found version "0.29.2") 
[0.356s] -- Checking for module 'bullet>=2.82'
[0.363s] --   Found bullet, version 3.05
[0.431s] -- Found fcl: /usr/include (found suitable version "0.7.0", minimum required is "0.5.0") 
[0.461s] -- Found assimp: /usr/include (found version "5.2.0") 
[0.478s] -- Found DART: /usr/include (Required is at least version "6.6") found components: dart 
[0.591s] -- Found Boost: /usr/lib/x86_64-linux-gnu/cmake/Boost-1.74.0/BoostConfig.cmake (found suitable version "1.74.0", minimum required is "1.40.0") found components: thread system filesystem program_options regex iostreams date_time 
[0.605s] -- Found Protobuf: /usr/lib/x86_64-linux-gnu/libprotobuf.so (found version "3.12.4") 
[0.609s] -- Looking for ignition-math6 -- found version 6.15.1
[0.614s] -- Searching for dependencies of ignition-math6
[0.616s] -- Looking for OGRE...
[0.616s] -- OGRE_PREFIX_WATCH changed.
[0.619s] -- Checking for module 'OGRE'
[0.625s] --   Found OGRE, version 1.9.0
[0.643s] -- Found Ogre Ghadamon (1.9.0)
[0.650s] -- Found OGRE: optimized;/usr/lib/x86_64-linux-gnu/libOgreMain.so;debug;/usr/lib/x86_64-linux-gnu/libOgreMain.so
[0.656s] -- Looking for OGRE_Paging...
[0.660s] -- Found OGRE_Paging: optimized;/usr/lib/x86_64-linux-gnu/libOgrePaging.so;debug;/usr/lib/x86_64-linux-gnu/libOgrePaging.so
[0.660s] -- Looking for OGRE_Terrain...
[0.662s] -- Found OGRE_Terrain: optimized;/usr/lib/x86_64-linux-gnu/libOgreTerrain.so;debug;/usr/lib/x86_64-linux-gnu/libOgreTerrain.so
[0.663s] -- Looking for OGRE_Property...
[0.665s] -- Found OGRE_Property: optimized;/usr/lib/x86_64-linux-gnu/libOgreProperty.so;debug;/usr/lib/x86_64-linux-gnu/libOgreProperty.so
[0.665s] -- Looking for OGRE_RTShaderSystem...
[0.668s] -- Found OGRE_RTShaderSystem: optimized;/usr/lib/x86_64-linux-gnu/libOgreRTShaderSystem.so;debug;/usr/lib/x86_64-linux-gnu/libOgreRTShaderSystem.so
[0.668s] -- Looking for OGRE_Volume...
[0.671s] -- Found OGRE_Volume: optimized;/usr/lib/x86_64-linux-gnu/libOgreVolume.so;debug;/usr/lib/x86_64-linux-gnu/libOgreVolume.so
[0.671s] -- Looking for OGRE_Overlay...
[0.674s] -- Found OGRE_Overlay: optimized;/usr/lib/x86_64-linux-gnu/libOgreOverlay.so;debug;/usr/lib/x86_64-linux-gnu/libOgreOverlay.so
[0.737s] -- Looking for ignition-math6 -- found version 6.15.1
[0.739s] -- Looking for ignition-transport8 -- found version 8.2.1
[0.739s] -- Searching for dependencies of ignition-transport8
[0.750s] -- Found Protobuf: /usr/lib/x86_64-linux-gnu/libprotobuf.so (found suitable version "3.12.4", minimum required is "3") 
[0.756s] -- Config-file not installed for ZeroMQ -- checking for pkg-config
[0.759s] -- Checking for module 'libzmq >= 4'
[0.767s] --   Found libzmq , version 4.3.4
[0.787s] -- Found ZeroMQ: TRUE (Required is at least version "4") 
[0.790s] -- Checking for module 'uuid'
[0.797s] --   Found uuid, version 2.37.2
[0.815s] -- Found UUID: TRUE  
[0.816s] -- Looking for ignition-msgs5 -- found version 5.8.1
[0.817s] -- Searching for dependencies of ignition-msgs5
[0.828s] -- Looking for ignition-math6 -- found version 6.15.1
[0.831s] -- Checking for module 'tinyxml2'
[0.838s] --   Found tinyxml2, version 9.0.0
[0.856s] -- Looking for ignition-msgs5 -- found version 5.8.1
[0.858s] -- Looking for ignition-common3 -- found version 3.14.0
[0.858s] -- Searching for dependencies of ignition-common3
[0.858s] -- Looking for dlfcn.h - found
[0.859s] -- Looking for libdl - found
[0.859s] -- Found DL: TRUE  
[0.866s] -- Found tinyobjloader: /usr/lib/x86_64-linux-gnu/cmake/tinyobjloader/tinyobjloader-config.cmake (found version "2.0.0") 
[0.867s] -- Searching for <ignition-common3> component [graphics]
[0.868s] -- Looking for ignition-common3-graphics -- found version 3.14.0
[0.868s] -- Searching for dependencies of ignition-common3-graphics
[0.868s] -- Looking for ignition-math6 -- found version 6.15.1
[0.870s] -- Looking for ignition-fuel_tools4 -- found version 4.4.0
[0.870s] -- Searching for dependencies of ignition-fuel_tools4
[0.916s] -- Found CURL: /usr/lib/x86_64-linux-gnu/libcurl.so (found version "7.81.0")  
[0.921s] -- Checking for module 'jsoncpp'
[0.928s] --   Found jsoncpp, version 1.9.5
[0.946s] -- Found JSONCPP: TRUE  
[0.950s] -- Checking for module 'libzip'
[0.957s] --   Found libzip, version 1.7.3
[0.974s] -- Found ZIP: TRUE  
[0.974s] -- Looking for ignition-common3 -- found version 3.14.0
[0.975s] -- Looking for ignition-math6 -- found version 6.15.1
[0.975s] -- Looking for ignition-msgs5 -- found version 5.8.1
[0.978s] -- Gazebo version: 11.10
[0.978s] -- Checking for module 'tbb'
[0.986s] --   Found tbb, version 2021.5.0
[1.003s] -- Found gazebo_ros: 3.9.0 (/opt/ros/humble/share/gazebo_ros/cmake)
[1.036s] -- Found rosidl_generator_c: 3.1.6 (/opt/ros/humble/share/rosidl_generator_c/cmake)
[1.039s] -- Found rosidl_adapter: 3.1.6 (/opt/ros/humble/share/rosidl_adapter/cmake)
[1.047s] -- Found rosidl_generator_cpp: 3.1.6 (/opt/ros/humble/share/rosidl_generator_cpp/cmake)
[1.056s] -- Using all available rosidl_typesupport_c: rosidl_typesupport_fastrtps_c;rosidl_typesupport_introspection_c
[1.068s] -- Using all available rosidl_typesupport_cpp: rosidl_typesupport_fastrtps_cpp;rosidl_typesupport_introspection_cpp
[1.100s] -- Found rmw_implementation_cmake: 6.1.2 (/opt/ros/humble/share/rmw_implementation_cmake/cmake)
[1.102s] -- Found rmw_fastrtps_cpp: 6.2.10 (/opt/ros/humble/share/rmw_fastrtps_cpp/cmake)
[1.159s] -- Found OpenSSL: /usr/lib/x86_64-linux-gnu/libcrypto.so (found version "3.0.2")  
[1.175s] -- Found FastRTPS: /opt/ros/humble/include  
[1.201s] -- Using RMW implementation 'rmw_fastrtps_cpp' as default
[1.208s] -- Found Threads: TRUE  
[1.248s] -- Found gazebo_msgs: 3.9.0 (/opt/ros/humble/share/gazebo_msgs/cmake)
[1.286s] -- Found sensor_msgs: 4.9.1 (/opt/ros/humble/share/sensor_msgs/cmake)
[1.345s] -- Configuring done
[1.362s] -- Generating done
[1.366s] -- Build files have been written to: /home/zyy/robot_yang/build/velodyne_gazebo_plugins
[1.375s] Invoked command in '/home/zyy/robot_yang/build/velodyne_gazebo_plugins' returned '0': CMAKE_PREFIX_PATH=/opt/ros/humble /usr/bin/cmake /home/zyy/robot_yang/src/velodyne_simulator/velodyne_gazebo_plugins -DCMAKE_INSTALL_PREFIX=/home/zyy/robot_yang/install/velodyne_gazebo_plugins
[1.377s] Invoking command in '/home/zyy/robot_yang/build/velodyne_gazebo_plugins': CMAKE_PREFIX_PATH=/opt/ros/humble /usr/bin/cmake --build /home/zyy/robot_yang/build/velodyne_gazebo_plugins -- -j16 -l16
[1.408s] [ 50%] [32mBuilding CXX object CMakeFiles/gazebo_ros_velodyne_laser.dir/src/GazeboRosVelodyneLaser.cpp.o[0m
[11.456s] [100%] [32m[1mLinking CXX shared library libgazebo_ros_velodyne_laser.so[0m
[11.814s] [100%] Built target gazebo_ros_velodyne_laser
[11.821s] Invoked command in '/home/zyy/robot_yang/build/velodyne_gazebo_plugins' returned '0': CMAKE_PREFIX_PATH=/opt/ros/humble /usr/bin/cmake --build /home/zyy/robot_yang/build/velodyne_gazebo_plugins -- -j16 -l16
[11.822s] Invoking command in '/home/zyy/robot_yang/build/velodyne_gazebo_plugins': CMAKE_PREFIX_PATH=/opt/ros/humble /usr/bin/cmake --install /home/zyy/robot_yang/build/velodyne_gazebo_plugins
[11.826s] -- Install configuration: ""
[11.827s] -- Installing: /home/zyy/robot_yang/install/velodyne_gazebo_plugins/lib/libgazebo_ros_velodyne_laser.so
[11.828s] -- Set runtime path of "/home/zyy/robot_yang/install/velodyne_gazebo_plugins/lib/libgazebo_ros_velodyne_laser.so" to ""
[11.828s] -- Installing: /home/zyy/robot_yang/install/velodyne_gazebo_plugins/include/velodyne_gazebo_plugins
[11.828s] -- Installing: /home/zyy/robot_yang/install/velodyne_gazebo_plugins/include/velodyne_gazebo_plugins/GazeboRosVelodyneLaser.hpp
[11.828s] -- Installing: /home/zyy/robot_yang/install/velodyne_gazebo_plugins/share/velodyne_gazebo_plugins/environment/library_path.sh
[11.829s] -- Installing: /home/zyy/robot_yang/install/velodyne_gazebo_plugins/share/velodyne_gazebo_plugins/environment/library_path.dsv
[11.829s] -- Installing: /home/zyy/robot_yang/install/velodyne_gazebo_plugins/share/ament_index/resource_index/package_run_dependencies/velodyne_gazebo_plugins
[11.829s] -- Installing: /home/zyy/robot_yang/install/velodyne_gazebo_plugins/share/ament_index/resource_index/parent_prefix_path/velodyne_gazebo_plugins
[11.829s] -- Installing: /home/zyy/robot_yang/install/velodyne_gazebo_plugins/share/velodyne_gazebo_plugins/environment/ament_prefix_path.sh
[11.829s] -- Installing: /home/zyy/robot_yang/install/velodyne_gazebo_plugins/share/velodyne_gazebo_plugins/environment/ament_prefix_path.dsv
[11.829s] -- Installing: /home/zyy/robot_yang/install/velodyne_gazebo_plugins/share/velodyne_gazebo_plugins/environment/path.sh
[11.829s] -- Installing: /home/zyy/robot_yang/install/velodyne_gazebo_plugins/share/velodyne_gazebo_plugins/environment/path.dsv
[11.829s] -- Installing: /home/zyy/robot_yang/install/velodyne_gazebo_plugins/share/velodyne_gazebo_plugins/local_setup.bash
[11.829s] -- Installing: /home/zyy/robot_yang/install/velodyne_gazebo_plugins/share/velodyne_gazebo_plugins/local_setup.sh
[11.829s] -- Installing: /home/zyy/robot_yang/install/velodyne_gazebo_plugins/share/velodyne_gazebo_plugins/local_setup.zsh
[11.829s] -- Installing: /home/zyy/robot_yang/install/velodyne_gazebo_plugins/share/velodyne_gazebo_plugins/local_setup.dsv
[11.829s] -- Installing: /home/zyy/robot_yang/install/velodyne_gazebo_plugins/share/velodyne_gazebo_plugins/package.dsv
[11.829s] -- Installing: /home/zyy/robot_yang/install/velodyne_gazebo_plugins/share/ament_index/resource_index/packages/velodyne_gazebo_plugins
[11.829s] -- Installing: /home/zyy/robot_yang/install/velodyne_gazebo_plugins/share/velodyne_gazebo_plugins/cmake/ament_cmake_export_include_directories-extras.cmake
[11.829s] -- Installing: /home/zyy/robot_yang/install/velodyne_gazebo_plugins/share/velodyne_gazebo_plugins/cmake/ament_cmake_export_libraries-extras.cmake
[11.830s] -- Installing: /home/zyy/robot_yang/install/velodyne_gazebo_plugins/share/velodyne_gazebo_plugins/cmake/ament_cmake_export_dependencies-extras.cmake
[11.830s] -- Installing: /home/zyy/robot_yang/install/velodyne_gazebo_plugins/share/velodyne_gazebo_plugins/cmake/velodyne_gazebo_pluginsConfig.cmake
[11.830s] -- Installing: /home/zyy/robot_yang/install/velodyne_gazebo_plugins/share/velodyne_gazebo_plugins/cmake/velodyne_gazebo_pluginsConfig-version.cmake
[11.830s] -- Installing: /home/zyy/robot_yang/install/velodyne_gazebo_plugins/share/velodyne_gazebo_plugins/package.xml
[11.831s] Invoked command in '/home/zyy/robot_yang/build/velodyne_gazebo_plugins' returned '0': CMAKE_PREFIX_PATH=/opt/ros/humble /usr/bin/cmake --install /home/zyy/robot_yang/build/velodyne_gazebo_plugins
