[0.007s] Invoking command in '/home/zyy/robot_yang/build/velodyne_simulator': AMENT_PREFIX_PATH=/home/zyy/robot_yang/install/velodyne_gazebo_plugins:/home/zyy/robot_yang/install/velodyne_description:${AMENT_PREFIX_PATH} CMAKE_PREFIX_PATH=/home/zyy/robot_yang/install/velodyne_gazebo_plugins:/home/zyy/robot_yang/install/velodyne_description:/opt/ros/humble LD_LIBRARY_PATH=/home/zyy/robot_yang/install/velodyne_gazebo_plugins/lib:${LD_LIBRARY_PATH} /usr/bin/cmake --build /home/zyy/robot_yang/build/velodyne_simulator -- -j16 -l16
[0.041s] Invoked command in '/home/zyy/robot_yang/build/velodyne_simulator' returned '0': AMENT_PREFIX_PATH=/home/zyy/robot_yang/install/velodyne_gazebo_plugins:/home/zyy/robot_yang/install/velodyne_description:${AMENT_PREFIX_PATH} CMAKE_PREFIX_PATH=/home/zyy/robot_yang/install/velodyne_gazebo_plugins:/home/zyy/robot_yang/install/velodyne_description:/opt/ros/humble LD_LIBRARY_PATH=/home/zyy/robot_yang/install/velodyne_gazebo_plugins/lib:${LD_LIBRARY_PATH} /usr/bin/cmake --build /home/zyy/robot_yang/build/velodyne_simulator -- -j16 -l16
[0.042s] Invoking command in '/home/zyy/robot_yang/build/velodyne_simulator': AMENT_PREFIX_PATH=/home/zyy/robot_yang/install/velodyne_gazebo_plugins:/home/zyy/robot_yang/install/velodyne_description:${AMENT_PREFIX_PATH} CMAKE_PREFIX_PATH=/home/zyy/robot_yang/install/velodyne_gazebo_plugins:/home/zyy/robot_yang/install/velodyne_description:/opt/ros/humble LD_LIBRARY_PATH=/home/zyy/robot_yang/install/velodyne_gazebo_plugins/lib:${LD_LIBRARY_PATH} /usr/bin/cmake --install /home/zyy/robot_yang/build/velodyne_simulator
[0.050s] -- Install configuration: ""
[0.050s] -- Up-to-date: /home/zyy/robot_yang/install/velodyne_simulator/share/ament_index/resource_index/package_run_dependencies/velodyne_simulator
[0.051s] -- Up-to-date: /home/zyy/robot_yang/install/velodyne_simulator/share/ament_index/resource_index/parent_prefix_path/velodyne_simulator
[0.051s] -- Up-to-date: /home/zyy/robot_yang/install/velodyne_simulator/share/velodyne_simulator/environment/ament_prefix_path.sh
[0.051s] -- Up-to-date: /home/zyy/robot_yang/install/velodyne_simulator/share/velodyne_simulator/environment/ament_prefix_path.dsv
[0.051s] -- Up-to-date: /home/zyy/robot_yang/install/velodyne_simulator/share/velodyne_simulator/environment/path.sh
[0.051s] -- Up-to-date: /home/zyy/robot_yang/install/velodyne_simulator/share/velodyne_simulator/environment/path.dsv
[0.051s] -- Up-to-date: /home/zyy/robot_yang/install/velodyne_simulator/share/velodyne_simulator/local_setup.bash
[0.051s] -- Up-to-date: /home/zyy/robot_yang/install/velodyne_simulator/share/velodyne_simulator/local_setup.sh
[0.051s] -- Up-to-date: /home/zyy/robot_yang/install/velodyne_simulator/share/velodyne_simulator/local_setup.zsh
[0.051s] -- Up-to-date: /home/zyy/robot_yang/install/velodyne_simulator/share/velodyne_simulator/local_setup.dsv
[0.051s] -- Installing: /home/zyy/robot_yang/install/velodyne_simulator/share/velodyne_simulator/package.dsv
[0.051s] -- Up-to-date: /home/zyy/robot_yang/install/velodyne_simulator/share/ament_index/resource_index/packages/velodyne_simulator
[0.051s] -- Up-to-date: /home/zyy/robot_yang/install/velodyne_simulator/share/velodyne_simulator/cmake/velodyne_simulatorConfig.cmake
[0.051s] -- Up-to-date: /home/zyy/robot_yang/install/velodyne_simulator/share/velodyne_simulator/cmake/velodyne_simulatorConfig-version.cmake
[0.051s] -- Up-to-date: /home/zyy/robot_yang/install/velodyne_simulator/share/velodyne_simulator/package.xml
[0.053s] Invoked command in '/home/zyy/robot_yang/build/velodyne_simulator' returned '0': AMENT_PREFIX_PATH=/home/zyy/robot_yang/install/velodyne_gazebo_plugins:/home/zyy/robot_yang/install/velodyne_description:${AMENT_PREFIX_PATH} CMAKE_PREFIX_PATH=/home/zyy/robot_yang/install/velodyne_gazebo_plugins:/home/zyy/robot_yang/install/velodyne_description:/opt/ros/humble LD_LIBRARY_PATH=/home/zyy/robot_yang/install/velodyne_gazebo_plugins/lib:${LD_LIBRARY_PATH} /usr/bin/cmake --install /home/zyy/robot_yang/build/velodyne_simulator
