-- Install configuration: ""
-- Up-to-date: /home/zyy/robot_yang/install/carlike_robot_description/share/carlike_robot_description/launch
-- Installing: /home/zyy/robot_yang/install/carlike_robot_description/share/carlike_robot_description/launch/gazebo_sim.launch.py
-- Up-to-date: /home/zyy/robot_yang/install/carlike_robot_description/share/carlike_robot_description/launch/display_robot.launch.py
-- Up-to-date: /home/zyy/robot_yang/install/carlike_robot_description/share/carlike_robot_description/xacro
-- Up-to-date: /home/zyy/robot_yang/install/carlike_robot_description/share/carlike_robot_description/xacro/car_description.xacro
-- Up-to-date: /home/zyy/robot_yang/install/carlike_robot_description/share/carlike_robot_description/xacro/car_base.xacro
-- Up-to-date: /home/zyy/robot_yang/install/carlike_robot_description/share/carlike_robot_description/xacro/sensors
-- Up-to-date: /home/zyy/robot_yang/install/carlike_robot_description/share/carlike_robot_description/xacro/sensors/VLP-16.xacro
-- Up-to-date: /home/zyy/robot_yang/install/carlike_robot_description/share/carlike_robot_description/xacro/sensors/camera.xacro
-- Up-to-date: /home/zyy/robot_yang/install/carlike_robot_description/share/carlike_robot_description/xacro/sensors/lidar.xacro
-- Up-to-date: /home/zyy/robot_yang/install/carlike_robot_description/share/carlike_robot_description/config
-- Up-to-date: /home/zyy/robot_yang/install/carlike_robot_description/share/carlike_robot_description/config/controllers.yaml
-- Up-to-date: /home/zyy/robot_yang/install/carlike_robot_description/share/carlike_robot_description/config/rviz
-- Up-to-date: /home/zyy/robot_yang/install/carlike_robot_description/share/carlike_robot_description/config/rviz/gazebo_sim.rviz
-- Up-to-date: /home/zyy/robot_yang/install/carlike_robot_description/share/carlike_robot_description/config/rviz/display_model.rviz
-- Up-to-date: /home/zyy/robot_yang/install/carlike_robot_description/share/ament_index/resource_index/package_run_dependencies/carlike_robot_description
-- Up-to-date: /home/zyy/robot_yang/install/carlike_robot_description/share/ament_index/resource_index/parent_prefix_path/carlike_robot_description
-- Up-to-date: /home/zyy/robot_yang/install/carlike_robot_description/share/carlike_robot_description/environment/ament_prefix_path.sh
-- Up-to-date: /home/zyy/robot_yang/install/carlike_robot_description/share/carlike_robot_description/environment/ament_prefix_path.dsv
-- Up-to-date: /home/zyy/robot_yang/install/carlike_robot_description/share/carlike_robot_description/environment/path.sh
-- Up-to-date: /home/zyy/robot_yang/install/carlike_robot_description/share/carlike_robot_description/environment/path.dsv
-- Up-to-date: /home/zyy/robot_yang/install/carlike_robot_description/share/carlike_robot_description/local_setup.bash
-- Up-to-date: /home/zyy/robot_yang/install/carlike_robot_description/share/carlike_robot_description/local_setup.sh
-- Up-to-date: /home/zyy/robot_yang/install/carlike_robot_description/share/carlike_robot_description/local_setup.zsh
-- Up-to-date: /home/zyy/robot_yang/install/carlike_robot_description/share/carlike_robot_description/local_setup.dsv
-- Installing: /home/zyy/robot_yang/install/carlike_robot_description/share/carlike_robot_description/package.dsv
-- Up-to-date: /home/zyy/robot_yang/install/carlike_robot_description/share/ament_index/resource_index/packages/carlike_robot_description
-- Up-to-date: /home/zyy/robot_yang/install/carlike_robot_description/share/carlike_robot_description/cmake/carlike_robot_descriptionConfig.cmake
-- Up-to-date: /home/zyy/robot_yang/install/carlike_robot_description/share/carlike_robot_description/cmake/carlike_robot_descriptionConfig-version.cmake
-- Up-to-date: /home/zyy/robot_yang/install/carlike_robot_description/share/carlike_robot_description/package.xml
